42.0 APEX_CODE,FINEST;APEX_PROFILING,INFO;CALLOUT,INFO;DB,INFO;SYSTEM,DEBUG;VALIDATION,INFO;VISUALFORCE,INFO;WAVE,INFO;WORKFLOW,INFO
Execute Anonymous: WarehouseCalloutService.runWarehouseEquipmentSync();
14:25:55.1 (1250587)|USER_INFO|[EXTERNAL]|005f4000001pRJZ|danilofp13@curious-moose-219315.com|Hora de Argentina|GMT-03:00
14:25:55.1 (1278251)|EXECUTION_STARTED
14:25:55.1 (1283322)|CODE_UNIT_STARTED|[EXTERNAL]|execute_anonymous_apex
14:25:55.1 (1521643)|HEAP_ALLOCATE|[72]|Bytes:3
14:25:55.1 (1556044)|HEAP_ALLOCATE|[77]|Bytes:152
14:25:55.1 (1570819)|HEAP_ALLOCATE|[342]|Bytes:408
14:25:55.1 (1582082)|HEAP_ALLOCATE|[355]|Bytes:408
14:25:55.1 (1592536)|HEAP_ALLOCATE|[467]|Bytes:48
14:25:55.1 (1619315)|HEAP_ALLOCATE|[139]|Bytes:6
14:25:55.1 (1641481)|HEAP_ALLOCATE|[EXTERNAL]|Bytes:1
14:25:55.1 (1762370)|STATEMENT_EXECUTE|[1]
14:25:55.1 (1766928)|STATEMENT_EXECUTE|[1]
14:25:55.1 (1771783)|HEAP_ALLOCATE|[1]|Bytes:23
14:25:55.1 (1780217)|HEAP_ALLOCATE|[1]|Bytes:25
14:25:55.1 (1957680)|HEAP_ALLOCATE|[1]|Bytes:4
14:25:55.1 (2075824)|HEAP_ALLOCATE|[1]|Bytes:4
14:25:55.1 (2132869)|HEAP_ALLOCATE|[50]|Bytes:5
14:25:55.1 (2163345)|HEAP_ALLOCATE|[56]|Bytes:5
14:25:55.1 (2177610)|HEAP_ALLOCATE|[64]|Bytes:7
14:25:55.1 (2241652)|HEAP_ALLOCATE|[EXTERNAL]|Bytes:4
14:25:55.1 (2263403)|HEAP_ALLOCATE|[EXTERNAL]|Bytes:4
14:25:55.18 (18966973)|CUMULATIVE_LIMIT_USAGE
14:25:55.18 (18966973)|LIMIT_USAGE_FOR_NS|(default)|
  Number of SOQL queries: 0 out of 100
  Number of query rows: 0 out of 50000
  Number of SOSL queries: 0 out of 20
  Number of DML statements: 0 out of 150
  Number of DML rows: 0 out of 10000
  Maximum CPU time: 0 out of 10000
  Maximum heap size: 0 out of 6000000
  Number of callouts: 0 out of 100
  Number of Email Invocations: 0 out of 10
  Number of future calls: 1 out of 50
  Number of queueable jobs added to the queue: 0 out of 50
  Number of Mobile Apex push calls: 0 out of 10

14:25:55.18 (18966973)|CUMULATIVE_LIMIT_USAGE_END

14:25:55.1 (19016191)|CODE_UNIT_FINISHED|execute_anonymous_apex
14:25:55.1 (19908429)|EXECUTION_FINISHED
