36.0 APEX_CODE,DEBUG;APEX_PROFILING,INFO;CALLOUT,INFO;DB,INFO;SYSTEM,DEBUG;VALIDATION,INFO;VISUALFORCE,DEBUG;WAVE,INFO;WORKFLOW,INFO
14:25:03.0 (347341)|USER_INFO|[EXTERNAL]|005f4000001pRJZ|danilofp13@curious-moose-219315.com|Hora de Argentina|GMT-03:00
14:25:03.0 (379790)|EXECUTION_STARTED
14:25:03.0 (383911)|CODE_UNIT_STARTED|[EXTERNAL]|FutureHandler - state load
14:25:03.0 (1767053)|CODE_UNIT_FINISHED|FutureHandler - state load
14:25:03.0 (2527963)|EXECUTION_FINISHED
14:25:03.9 (9960603)|USER_INFO|[EXTERNAL]|005f4000001pRJZ|danilofp13@curious-moose-219315.com|Hora de Argentina|GMT-03:00
14:25:03.9 (9976672)|EXECUTION_STARTED
14:25:03.9 (9980544)|CODE_UNIT_STARTED|[EXTERNAL]|01pf400000Gbx3a|WarehouseCalloutService.runWarehouseEquipmentSync
14:25:03.9 (11204868)|SYSTEM_MODE_ENTER|false
14:25:03.9 (11352682)|SYSTEM_MODE_EXIT|false
14:25:03.9 (11370490)|SYSTEM_MODE_ENTER|false
14:25:03.9 (11491282)|CALLOUT_REQUEST|[13]|System.HttpRequest[Endpoint=https://th-superbadge-apex.herokuapp.com/equipment, Method=GET]
14:25:03.9 (13376194)|EXCEPTION_THROWN|[13]|System.CalloutException: Unauthorized endpoint, please check Setup->Security->Remote site settings. endpoint = https://th-superbadge-apex.herokuapp.com/equipment
14:25:03.9 (13441258)|SYSTEM_MODE_EXIT|false
14:25:03.9 (13487580)|FATAL_ERROR|System.CalloutException: Unauthorized endpoint, please check Setup->Security->Remote site settings. endpoint = https://th-superbadge-apex.herokuapp.com/equipment

Class.WarehouseCalloutService.runWarehouseEquipmentSync: line 13, column 1
14:25:03.9 (13501421)|FATAL_ERROR|System.CalloutException: Unauthorized endpoint, please check Setup->Security->Remote site settings. endpoint = https://th-superbadge-apex.herokuapp.com/equipment

Class.WarehouseCalloutService.runWarehouseEquipmentSync: line 13, column 1
14:25:03.13 (13506901)|CUMULATIVE_LIMIT_USAGE
14:25:03.13 (13506901)|LIMIT_USAGE_FOR_NS|(default)|
  Number of SOQL queries: 0 out of 200
  Number of query rows: 0 out of 50000
  Number of SOSL queries: 0 out of 20
  Number of DML statements: 0 out of 150
  Number of DML rows: 0 out of 10000
  Maximum CPU time: 0 out of 60000
  Maximum heap size: 0 out of 12000000
  Number of callouts: 1 out of 100
  Number of Email Invocations: 0 out of 10
  Number of future calls: 0 out of 50
  Number of queueable jobs added to the queue: 0 out of 1
  Number of Mobile Apex push calls: 0 out of 10

14:25:03.13 (13506901)|CUMULATIVE_LIMIT_USAGE_END

14:25:03.9 (13540238)|CODE_UNIT_FINISHED|WarehouseCalloutService.runWarehouseEquipmentSync
14:25:03.9 (14671373)|EXECUTION_FINISHED
