36.0 APEX_CODE,FINEST;APEX_PROFILING,INFO;CALLOUT,INFO;DB,INFO;SYSTEM,DEBUG;VALIDATION,INFO;VISUALFORCE,INFO;WAVE,INFO;WORKFLOW,INFO
14:31:39.0 (355209)|USER_INFO|[EXTERNAL]|005f4000001pRJZ|danilofp13@curious-moose-219315.com|Hora de Argentina|GMT-03:00
14:31:39.0 (387697)|EXECUTION_STARTED
14:31:39.0 (392217)|CODE_UNIT_STARTED|[EXTERNAL]|FutureHandler - state load
14:31:39.0 (1411818)|CODE_UNIT_FINISHED|FutureHandler - state load
14:31:39.0 (2221128)|EXECUTION_FINISHED
14:31:39.11 (11456789)|USER_INFO|[EXTERNAL]|005f4000001pRJZ|danilofp13@curious-moose-219315.com|Hora de Argentina|GMT-03:00
14:31:39.11 (11475255)|EXECUTION_STARTED
14:31:39.11 (11479808)|CODE_UNIT_STARTED|[EXTERNAL]|01pf400000Gbx3a|WarehouseCalloutService.runWarehouseEquipmentSync
14:31:39.11 (11622004)|VARIABLE_SCOPE_BEGIN|[3]|WarehouseCalloutService.WAREHOUSE_URL|String|false|true
14:31:39.11 (11911070)|HEAP_ALLOCATE|[72]|Bytes:3
14:31:39.11 (11971874)|HEAP_ALLOCATE|[77]|Bytes:152
14:31:39.11 (11989342)|HEAP_ALLOCATE|[342]|Bytes:408
14:31:39.11 (12002247)|HEAP_ALLOCATE|[355]|Bytes:408
14:31:39.11 (12014919)|HEAP_ALLOCATE|[467]|Bytes:48
14:31:39.11 (12042686)|HEAP_ALLOCATE|[139]|Bytes:6
14:31:39.11 (12057397)|HEAP_ALLOCATE|[EXTERNAL]|Bytes:1
14:31:39.11 (12070259)|HEAP_ALLOCATE|[EXTERNAL]|Bytes:2
14:31:39.11 (12074634)|HEAP_ALLOCATE|[EXTERNAL]|Bytes:50
14:31:39.11 (12113299)|VARIABLE_ASSIGNMENT|[EXTERNAL]|WarehouseCalloutService.WAREHOUSE_URL|"https://th-superbadg (30 more) ..."
14:31:39.11 (12152392)|METHOD_ENTRY|[1]|01pf400000Gbx3a|WarehouseCalloutService.WarehouseCalloutService()
14:31:39.11 (12162953)|STATEMENT_EXECUTE|[1]
14:31:39.11 (12169568)|STATEMENT_EXECUTE|[1]
14:31:39.11 (12225494)|HEAP_ALLOCATE|[50]|Bytes:5
14:31:39.11 (12258292)|HEAP_ALLOCATE|[56]|Bytes:5
14:31:39.11 (12268513)|HEAP_ALLOCATE|[64]|Bytes:7
14:31:39.11 (12689948)|SYSTEM_MODE_ENTER|false
14:31:39.11 (12714237)|HEAP_ALLOCATE|[EXTERNAL]|Bytes:5
14:31:39.11 (12732145)|SYSTEM_MODE_EXIT|false
14:31:39.11 (12764231)|METHOD_EXIT|[1]|WarehouseCalloutService
14:31:39.11 (12785065)|SYSTEM_MODE_ENTER|false
14:31:39.11 (12791089)|HEAP_ALLOCATE|[9]|Bytes:5
14:31:39.11 (12796973)|STATEMENT_EXECUTE|[8]
14:31:39.11 (12799582)|STATEMENT_EXECUTE|[9]
14:31:39.11 (12827415)|VARIABLE_SCOPE_BEGIN|[9]|http|System.Http|true|false
14:31:39.11 (12953806)|VARIABLE_ASSIGNMENT|[9]|http|"System.Http[]"|0x67c80c23
14:31:39.11 (12962558)|STATEMENT_EXECUTE|[10]
14:31:39.11 (12976001)|VARIABLE_SCOPE_BEGIN|[10]|request|System.HttpRequest|true|false
14:31:39.11 (13027619)|VARIABLE_ASSIGNMENT|[10]|request|"System.HttpRequest[Endpoint=null, Method=null]"|0x22500251
14:31:39.11 (13039041)|STATEMENT_EXECUTE|[11]
14:31:39.11 (13233659)|STATEMENT_EXECUTE|[12]
14:31:39.11 (13238179)|HEAP_ALLOCATE|[12]|Bytes:3
14:31:39.11 (13261868)|STATEMENT_EXECUTE|[13]
14:31:39.11 (13304108)|CALLOUT_REQUEST|[13]|System.HttpRequest[Endpoint=https://th-superbadge-apex.herokuapp.com/equipment, Method=GET]
14:31:39.11 (300359036)|HEAP_ALLOCATE|[EXTERNAL]|Bytes:3551
14:31:39.11 (300501041)|CALLOUT_RESPONSE|[13]|System.HttpResponse[Status=OK, StatusCode=200]
14:31:39.11 (300514886)|HEAP_ALLOCATE|[13]|Bytes:3345
14:31:39.11 (300537633)|VARIABLE_SCOPE_BEGIN|[13]|response|System.HttpResponse|true|false
14:31:39.11 (300605511)|VARIABLE_ASSIGNMENT|[13]|response|"System.HttpResponse[Status=OK, StatusCode=200]"|0xf839755
14:31:39.11 (300658859)|STATEMENT_EXECUTE|[15]
14:31:39.11 (300661862)|STATEMENT_EXECUTE|[17]
14:31:39.11 (300819148)|HEAP_ALLOCATE|[17]|Bytes:3339
14:31:39.11 (300865697)|HEAP_ALLOCATE|[17]|Bytes:24
14:31:39.11 (300879887)|SYSTEM_METHOD_ENTRY|[1]|JSON.JSON()
14:31:39.11 (300884051)|STATEMENT_EXECUTE|[1]
14:31:39.11 (300893304)|SYSTEM_METHOD_EXIT|[1]|JSON
14:31:39.11 (300909613)|METHOD_ENTRY|[17]||System.JSON.deserializeUntyped(String)
14:31:39.11 (306242337)|METHOD_EXIT|[17]||System.JSON.deserializeUntyped(String)
14:31:39.11 (306255645)|VARIABLE_SCOPE_BEGIN|[17]|equipments|List<ANY>|true|false
14:31:39.11 (306306466)|HEAP_ALLOCATE|[EXTERNAL]|Bytes:92
14:31:39.11 (306323492)|VARIABLE_ASSIGNMENT|[17]|equipments|"List of size 22 too large to display"|0x6a13942c
14:31:39.11 (306330566)|STATEMENT_EXECUTE|[18]
14:31:39.11 (306391591)|HEAP_ALLOCATE|[18]|Bytes:4
14:31:39.11 (306489031)|VARIABLE_SCOPE_BEGIN|[18]|products|List<Product2>|true|false
14:31:39.11 (306500763)|HEAP_ALLOCATE|[EXTERNAL]|Bytes:4
14:31:39.11 (306512046)|VARIABLE_ASSIGNMENT|[18]|products|[]|0xc2049d4
14:31:39.11 (306583599)|HEAP_ALLOCATE|[19]|Bytes:5
14:31:39.11 (306616781)|HEAP_ALLOCATE|[19]|Bytes:36
14:31:39.11 (306627738)|VARIABLE_SCOPE_BEGIN|[19]|o|Object|false|false
14:31:39.11 (306644795)|VARIABLE_ASSIGNMENT|[19]|o|"Map of size 8 too large to display"
14:31:39.11 (306651336)|STATEMENT_EXECUTE|[19]
14:31:39.11 (306653196)|STATEMENT_EXECUTE|[20]
14:31:39.11 (306657386)|VARIABLE_SCOPE_BEGIN|[20]|mapProduct|Map<String,ANY>|true|false
14:31:39.11 (306668665)|VARIABLE_ASSIGNMENT|[20]|mapProduct|"Map of size 8 too large to display"|0x7655a1a1
14:31:39.11 (306673886)|STATEMENT_EXECUTE|[21]
14:31:39.11 (306689271)|HEAP_ALLOCATE|[21]|Bytes:4
14:31:39.11 (306749487)|VARIABLE_SCOPE_BEGIN|[21]|product|Product2|true|false
14:31:39.11 (306766565)|VARIABLE_ASSIGNMENT|[21]|product|{}|0x753bfddc
14:31:39.11 (306771835)|STATEMENT_EXECUTE|[22]
14:31:39.11 (306775457)|HEAP_ALLOCATE|[22]|Bytes:4
14:31:39.11 (307666618)|VARIABLE_ASSIGNMENT|[22]|this.Name|"Generator 1000 kW"|0x753bfddc
14:31:39.11 (307677153)|STATEMENT_EXECUTE|[23]
14:31:39.11 (307681409)|HEAP_ALLOCATE|[23]|Bytes:4
14:31:39.11 (307738805)|HEAP_ALLOCATE|[23]|Bytes:28
14:31:39.11 (307788327)|VARIABLE_ASSIGNMENT|[23]|this.Cost__c|5000|0x753bfddc
14:31:39.11 (307794763)|STATEMENT_EXECUTE|[24]
14:31:39.11 (307798123)|HEAP_ALLOCATE|[24]|Bytes:8
14:31:39.11 (307838215)|HEAP_ALLOCATE|[24]|Bytes:28
14:31:39.11 (307842818)|HEAP_ALLOCATE|[24]|Bytes:28
14:31:39.11 (307870556)|VARIABLE_ASSIGNMENT|[24]|this.Current_Inventory__c|5|0x753bfddc
14:31:39.11 (307877029)|STATEMENT_EXECUTE|[25]
14:31:39.11 (307880339)|HEAP_ALLOCATE|[25]|Bytes:17
14:31:39.11 (307905985)|HEAP_ALLOCATE|[25]|Bytes:28
14:31:39.11 (307929721)|VARIABLE_ASSIGNMENT|[25]|this.Maintenance_Cycle__c|365|0x753bfddc
14:31:39.11 (307935547)|STATEMENT_EXECUTE|[26]
14:31:39.11 (307938525)|HEAP_ALLOCATE|[26]|Bytes:11
14:31:39.11 (307979207)|VARIABLE_ASSIGNMENT|[26]|this.Replacement_Part__c|false|0x753bfddc
14:31:39.11 (307985520)|STATEMENT_EXECUTE|[27]
14:31:39.11 (307988417)|HEAP_ALLOCATE|[27]|Bytes:8
14:31:39.11 (308011730)|HEAP_ALLOCATE|[27]|Bytes:28
14:31:39.11 (308035019)|VARIABLE_ASSIGNMENT|[27]|this.Lifespan_Months__c|120|0x753bfddc
14:31:39.11 (308040845)|STATEMENT_EXECUTE|[28]
14:31:39.11 (308043502)|HEAP_ALLOCATE|[28]|Bytes:3
14:31:39.11 (308080436)|VARIABLE_ASSIGNMENT|[28]|this.Warehouse_SKU__c|"100003"|0x753bfddc
14:31:39.11 (308087355)|STATEMENT_EXECUTE|[29]
14:31:39.11 (308089972)|HEAP_ALLOCATE|[29]|Bytes:3
14:31:39.11 (308132584)|VARIABLE_ASSIGNMENT|[29]|this.ProductCode|"55d66226726b611100aa (4 more) ..."|0x753bfddc
14:31:39.11 (308139673)|STATEMENT_EXECUTE|[30]
14:31:39.11 (308159051)|HEAP_ALLOCATE|[EXTERNAL]|Bytes:4
14:31:39.11 (308173670)|HEAP_ALLOCATE|[19]|Bytes:5
14:31:39.11 (308191607)|HEAP_ALLOCATE|[19]|Bytes:36
14:31:39.11 (308200719)|VARIABLE_SCOPE_BEGIN|[19]|o|Object|false|false
14:31:39.11 (308214938)|VARIABLE_ASSIGNMENT|[19]|o|"Map of size 8 too large to display"
14:31:39.11 (308220162)|STATEMENT_EXECUTE|[19]
14:31:39.11 (308221671)|STATEMENT_EXECUTE|[20]
14:31:39.11 (308225718)|VARIABLE_SCOPE_BEGIN|[20]|mapProduct|Map<String,ANY>|true|false
14:31:39.11 (308235513)|VARIABLE_ASSIGNMENT|[20]|mapProduct|"Map of size 8 too large to display"|0x4d2b3ce2
14:31:39.11 (308240582)|STATEMENT_EXECUTE|[21]
14:31:39.11 (308254224)|HEAP_ALLOCATE|[21]|Bytes:4
14:31:39.11 (308266037)|VARIABLE_SCOPE_BEGIN|[21]|product|Product2|true|false
14:31:39.11 (308277398)|VARIABLE_ASSIGNMENT|[21]|product|{}|0x1edcae3b
14:31:39.11 (308283132)|STATEMENT_EXECUTE|[22]
14:31:39.11 (308314130)|VARIABLE_ASSIGNMENT|[22]|this.Name|"Cooling Fan"|0x1edcae3b
14:31:39.11 (308320856)|STATEMENT_EXECUTE|[23]
14:31:39.11 (308332291)|HEAP_ALLOCATE|[23]|Bytes:28
14:31:39.11 (308354027)|VARIABLE_ASSIGNMENT|[23]|this.Cost__c|300|0x1edcae3b
14:31:39.11 (308360021)|STATEMENT_EXECUTE|[24]
14:31:39.11 (308369997)|HEAP_ALLOCATE|[24]|Bytes:28
14:31:39.11 (308386515)|VARIABLE_ASSIGNMENT|[24]|this.Current_Inventory__c|183|0x1edcae3b
14:31:39.11 (308392399)|STATEMENT_EXECUTE|[25]
14:31:39.11 (308403678)|HEAP_ALLOCATE|[25]|Bytes:28
14:31:39.11 (308407886)|HEAP_ALLOCATE|[25]|Bytes:28
14:31:39.11 (308424559)|VARIABLE_ASSIGNMENT|[25]|this.Maintenance_Cycle__c|0|0x1edcae3b
14:31:39.11 (308430553)|STATEMENT_EXECUTE|[26]
14:31:39.11 (308451500)|VARIABLE_ASSIGNMENT|[26]|this.Replacement_Part__c|true|0x1edcae3b
14:31:39.11 (308457301)|STATEMENT_EXECUTE|[27]
14:31:39.11 (308467470)|HEAP_ALLOCATE|[27]|Bytes:28
14:31:39.11 (308471383)|HEAP_ALLOCATE|[27]|Bytes:28
14:31:39.11 (308487805)|VARIABLE_ASSIGNMENT|[27]|this.Lifespan_Months__c|0|0x1edcae3b
14:31:39.11 (308493224)|STATEMENT_EXECUTE|[28]
14:31:39.11 (308513175)|VARIABLE_ASSIGNMENT|[28]|this.Warehouse_SKU__c|"100004"|0x1edcae3b
14:31:39.11 (308518808)|STATEMENT_EXECUTE|[29]
14:31:39.11 (308541235)|VARIABLE_ASSIGNMENT|[29]|this.ProductCode|"55d66226726b611100aa (4 more) ..."|0x1edcae3b
14:31:39.11 (308546718)|STATEMENT_EXECUTE|[30]
14:31:39.11 (308552743)|HEAP_ALLOCATE|[EXTERNAL]|Bytes:4
14:31:39.11 (308564292)|HEAP_ALLOCATE|[19]|Bytes:5
14:31:39.11 (308579842)|HEAP_ALLOCATE|[19]|Bytes:36
14:31:39.11 (308589725)|VARIABLE_SCOPE_BEGIN|[19]|o|Object|false|false
14:31:39.11 (308603221)|VARIABLE_ASSIGNMENT|[19]|o|"Map of size 8 too large to display"
14:31:39.11 (308608183)|STATEMENT_EXECUTE|[19]
14:31:39.11 (308609680)|STATEMENT_EXECUTE|[20]
14:31:39.11 (308612874)|VARIABLE_SCOPE_BEGIN|[20]|mapProduct|Map<String,ANY>|true|false
14:31:39.11 (308622022)|VARIABLE_ASSIGNMENT|[20]|mapProduct|"Map of size 8 too large to display"|0x79b7efc6
14:31:39.11 (308626577)|STATEMENT_EXECUTE|[21]
14:31:39.11 (308638042)|HEAP_ALLOCATE|[21]|Bytes:4
14:31:39.11 (308647246)|VARIABLE_SCOPE_BEGIN|[21]|product|Product2|true|false
14:31:39.11 (308657394)|VARIABLE_ASSIGNMENT|[21]|product|{}|0x56740b5c
14:31:39.11 (308662501)|STATEMENT_EXECUTE|[22]
14:31:39.11 (308689002)|VARIABLE_ASSIGNMENT|[22]|this.Name|"Fuse 20A"|0x56740b5c
14:31:39.11 (308694591)|STATEMENT_EXECUTE|[23]
14:31:39.11 (308705202)|HEAP_ALLOCATE|[23]|Bytes:28
14:31:39.11 (308727488)|VARIABLE_ASSIGNMENT|[23]|this.Cost__c|22|0x56740b5c
14:31:39.11 (308733208)|STATEMENT_EXECUTE|[24]
14:31:39.11 (308743544)|HEAP_ALLOCATE|[24]|Bytes:28
14:31:39.11 (308760027)|VARIABLE_ASSIGNMENT|[24]|this.Current_Inventory__c|143|0x56740b5c
14:31:39.11 (308765392)|STATEMENT_EXECUTE|[25]
14:31:39.11 (308775641)|HEAP_ALLOCATE|[25]|Bytes:28
14:31:39.11 (308779353)|HEAP_ALLOCATE|[25]|Bytes:28
14:31:39.11 (308799868)|VARIABLE_ASSIGNMENT|[25]|this.Maintenance_Cycle__c|0|0x56740b5c
14:31:39.11 (308805349)|STATEMENT_EXECUTE|[26]
14:31:39.11 (308826942)|VARIABLE_ASSIGNMENT|[26]|this.Replacement_Part__c|true|0x56740b5c
14:31:39.11 (308832502)|STATEMENT_EXECUTE|[27]
14:31:39.11 (308843003)|HEAP_ALLOCATE|[27]|Bytes:28
14:31:39.11 (308846588)|HEAP_ALLOCATE|[27]|Bytes:28
14:31:39.11 (308862054)|VARIABLE_ASSIGNMENT|[27]|this.Lifespan_Months__c|0|0x56740b5c
14:31:39.11 (308867690)|STATEMENT_EXECUTE|[28]
14:31:39.11 (308886853)|VARIABLE_ASSIGNMENT|[28]|this.Warehouse_SKU__c|"100005"|0x56740b5c
14:31:39.11 (308892753)|STATEMENT_EXECUTE|[29]
14:31:39.11 (308913725)|VARIABLE_ASSIGNMENT|[29]|this.ProductCode|"55d66226726b611100aa (4 more) ..."|0x56740b5c
14:31:39.11 (308919989)|STATEMENT_EXECUTE|[30]
14:31:39.11 (308925974)|HEAP_ALLOCATE|[EXTERNAL]|Bytes:4
14:31:39.11 (308937287)|HEAP_ALLOCATE|[19]|Bytes:5
14:31:39.11 (308951839)|HEAP_ALLOCATE|[19]|Bytes:36
14:31:39.11 (308961169)|VARIABLE_SCOPE_BEGIN|[19]|o|Object|false|false
14:31:39.11 (308974217)|VARIABLE_ASSIGNMENT|[19]|o|"Map of size 8 too large to display"
14:31:39.11 (308978712)|STATEMENT_EXECUTE|[19]
14:31:39.11 (308980230)|STATEMENT_EXECUTE|[20]
14:31:39.11 (308983247)|VARIABLE_SCOPE_BEGIN|[20]|mapProduct|Map<String,ANY>|true|false
14:31:39.11 (308993690)|VARIABLE_ASSIGNMENT|[20]|mapProduct|"Map of size 8 too large to display"|0x42ace15c
14:31:39.11 (308998924)|STATEMENT_EXECUTE|[21]
14:31:39.11 (309009723)|HEAP_ALLOCATE|[21]|Bytes:4
14:31:39.11 (309019390)|VARIABLE_SCOPE_BEGIN|[21]|product|Product2|true|false
14:31:39.11 (309029766)|VARIABLE_ASSIGNMENT|[21]|product|{}|0x39fa3244
14:31:39.11 (309034443)|STATEMENT_EXECUTE|[22]
14:31:39.11 (309061437)|VARIABLE_ASSIGNMENT|[22]|this.Name|"Generator 2000 kw"|0x39fa3244
14:31:39.11 (309067469)|STATEMENT_EXECUTE|[23]
14:31:39.11 (309078306)|HEAP_ALLOCATE|[23]|Bytes:28
14:31:39.11 (309097361)|VARIABLE_ASSIGNMENT|[23]|this.Cost__c|6000|0x39fa3244
14:31:39.11 (309103057)|STATEMENT_EXECUTE|[24]
14:31:39.11 (309113581)|HEAP_ALLOCATE|[24]|Bytes:28
14:31:39.11 (309117514)|HEAP_ALLOCATE|[24]|Bytes:28
14:31:39.11 (309134240)|VARIABLE_ASSIGNMENT|[24]|this.Current_Inventory__c|5|0x39fa3244
14:31:39.11 (309139913)|STATEMENT_EXECUTE|[25]
14:31:39.11 (309148979)|HEAP_ALLOCATE|[25]|Bytes:28
14:31:39.11 (309165163)|VARIABLE_ASSIGNMENT|[25]|this.Maintenance_Cycle__c|365|0x39fa3244
14:31:39.11 (309170597)|STATEMENT_EXECUTE|[26]
14:31:39.11 (309190783)|VARIABLE_ASSIGNMENT|[26]|this.Replacement_Part__c|false|0x39fa3244
14:31:39.11 (309196670)|STATEMENT_EXECUTE|[27]
14:31:39.11 (309205262)|HEAP_ALLOCATE|[27]|Bytes:28
14:31:39.11 (309220922)|VARIABLE_ASSIGNMENT|[27]|this.Lifespan_Months__c|120|0x39fa3244
14:31:39.11 (309226811)|STATEMENT_EXECUTE|[28]
14:31:39.11 (309246007)|VARIABLE_ASSIGNMENT|[28]|this.Warehouse_SKU__c|"100006"|0x39fa3244
14:31:39.11 (309251919)|STATEMENT_EXECUTE|[29]
14:31:39.11 (309273022)|VARIABLE_ASSIGNMENT|[29]|this.ProductCode|"55d66226726b611100aa (4 more) ..."|0x39fa3244
14:31:39.11 (309278732)|STATEMENT_EXECUTE|[30]
14:31:39.11 (309284019)|HEAP_ALLOCATE|[EXTERNAL]|Bytes:4
14:31:39.11 (309294778)|HEAP_ALLOCATE|[19]|Bytes:5
14:31:39.11 (309308860)|HEAP_ALLOCATE|[19]|Bytes:36
14:31:39.11 (309317948)|VARIABLE_SCOPE_BEGIN|[19]|o|Object|false|false
14:31:39.11 (309330212)|VARIABLE_ASSIGNMENT|[19]|o|"Map of size 8 too large to display"
14:31:39.11 (309335447)|STATEMENT_EXECUTE|[19]
14:31:39.11 (309336941)|STATEMENT_EXECUTE|[20]
14:31:39.11 (309339977)|VARIABLE_SCOPE_BEGIN|[20]|mapProduct|Map<String,ANY>|true|false
14:31:39.11 (309349292)|VARIABLE_ASSIGNMENT|[20]|mapProduct|"Map of size 8 too large to display"|0x7f753362
14:31:39.11 (309353711)|STATEMENT_EXECUTE|[21]
14:31:39.11 (309363605)|HEAP_ALLOCATE|[21]|Bytes:4
14:31:39.11 (309372317)|VARIABLE_SCOPE_BEGIN|[21]|product|Product2|true|false
14:31:39.11 (309382106)|VARIABLE_ASSIGNMENT|[21]|product|{}|0x9ade93b
14:31:39.11 (309387017)|STATEMENT_EXECUTE|[22]
14:31:39.11 (309412800)|VARIABLE_ASSIGNMENT|[22]|this.Name|"Fuse 25A"|0x9ade93b
14:31:39.11 (309418227)|STATEMENT_EXECUTE|[23]
14:31:39.11 (309428315)|HEAP_ALLOCATE|[23]|Bytes:28
14:31:39.11 (309446985)|VARIABLE_ASSIGNMENT|[23]|this.Cost__c|28|0x9ade93b
14:31:39.11 (309452908)|STATEMENT_EXECUTE|[24]
14:31:39.11 (309462111)|HEAP_ALLOCATE|[24]|Bytes:28
14:31:39.11 (309478653)|VARIABLE_ASSIGNMENT|[24]|this.Current_Inventory__c|142|0x9ade93b
14:31:39.11 (309483761)|STATEMENT_EXECUTE|[25]
14:31:39.11 (309494101)|HEAP_ALLOCATE|[25]|Bytes:28
14:31:39.11 (309497943)|HEAP_ALLOCATE|[25]|Bytes:28
14:31:39.11 (309513012)|VARIABLE_ASSIGNMENT|[25]|this.Maintenance_Cycle__c|0|0x9ade93b
14:31:39.11 (309518668)|STATEMENT_EXECUTE|[26]
14:31:39.11 (309539146)|VARIABLE_ASSIGNMENT|[26]|this.Replacement_Part__c|true|0x9ade93b
14:31:39.11 (309545111)|STATEMENT_EXECUTE|[27]
14:31:39.11 (309555229)|HEAP_ALLOCATE|[27]|Bytes:28
14:31:39.11 (309558847)|HEAP_ALLOCATE|[27]|Bytes:28
14:31:39.11 (309573582)|VARIABLE_ASSIGNMENT|[27]|this.Lifespan_Months__c|0|0x9ade93b
14:31:39.11 (309579697)|STATEMENT_EXECUTE|[28]
14:31:39.11 (309598656)|VARIABLE_ASSIGNMENT|[28]|this.Warehouse_SKU__c|"100007"|0x9ade93b
14:31:39.11 (309604005)|STATEMENT_EXECUTE|[29]
14:31:39.11 (309624602)|VARIABLE_ASSIGNMENT|[29]|this.ProductCode|"55d66226726b611100aa (4 more) ..."|0x9ade93b
14:31:39.11 (309630314)|STATEMENT_EXECUTE|[30]
14:31:39.11 (309636021)|HEAP_ALLOCATE|[EXTERNAL]|Bytes:4
14:31:39.11 (309647098)|HEAP_ALLOCATE|[19]|Bytes:5
14:31:39.11 (309660871)|HEAP_ALLOCATE|[19]|Bytes:36
14:31:39.11 (309669673)|VARIABLE_SCOPE_BEGIN|[19]|o|Object|false|false
14:31:39.11 (309682255)|VARIABLE_ASSIGNMENT|[19]|o|"Map of size 8 too large to display"
14:31:39.11 (309686797)|STATEMENT_EXECUTE|[19]
14:31:39.11 (309688243)|STATEMENT_EXECUTE|[20]
14:31:39.11 (309691172)|VARIABLE_SCOPE_BEGIN|[20]|mapProduct|Map<String,ANY>|true|false
14:31:39.11 (309700881)|VARIABLE_ASSIGNMENT|[20]|mapProduct|"Map of size 8 too large to display"|0x2c2e4f53
14:31:39.11 (309705881)|STATEMENT_EXECUTE|[21]
14:31:39.11 (309717516)|HEAP_ALLOCATE|[21]|Bytes:4
14:31:39.11 (309727907)|VARIABLE_SCOPE_BEGIN|[21]|product|Product2|true|false
14:31:39.11 (309737756)|VARIABLE_ASSIGNMENT|[21]|product|{}|0x442e3080
14:31:39.11 (309743307)|STATEMENT_EXECUTE|[22]
14:31:39.11 (309770365)|VARIABLE_ASSIGNMENT|[22]|this.Name|"Fuse 13A"|0x442e3080
14:31:39.11 (309776706)|STATEMENT_EXECUTE|[23]
14:31:39.11 (309792837)|HEAP_ALLOCATE|[23]|Bytes:28
14:31:39.11 (309797084)|HEAP_ALLOCATE|[23]|Bytes:28
14:31:39.11 (309816539)|VARIABLE_ASSIGNMENT|[23]|this.Cost__c|10|0x442e3080
14:31:39.11 (309822553)|STATEMENT_EXECUTE|[24]
14:31:39.11 (309832184)|HEAP_ALLOCATE|[24]|Bytes:28
14:31:39.11 (309849446)|VARIABLE_ASSIGNMENT|[24]|this.Current_Inventory__c|122|0x442e3080
14:31:39.11 (309854329)|STATEMENT_EXECUTE|[25]
14:31:39.11 (309864383)|HEAP_ALLOCATE|[25]|Bytes:28
14:31:39.11 (309867987)|HEAP_ALLOCATE|[25]|Bytes:28
14:31:39.11 (309883483)|VARIABLE_ASSIGNMENT|[25]|this.Maintenance_Cycle__c|0|0x442e3080
14:31:39.11 (309889595)|STATEMENT_EXECUTE|[26]
14:31:39.11 (309909560)|VARIABLE_ASSIGNMENT|[26]|this.Replacement_Part__c|true|0x442e3080
14:31:39.11 (309915460)|STATEMENT_EXECUTE|[27]
14:31:39.11 (309925585)|HEAP_ALLOCATE|[27]|Bytes:28
14:31:39.11 (309929558)|HEAP_ALLOCATE|[27]|Bytes:28
14:31:39.11 (309945799)|VARIABLE_ASSIGNMENT|[27]|this.Lifespan_Months__c|0|0x442e3080
14:31:39.11 (309951185)|STATEMENT_EXECUTE|[28]
14:31:39.11 (309970910)|VARIABLE_ASSIGNMENT|[28]|this.Warehouse_SKU__c|"100008"|0x442e3080
14:31:39.11 (309976299)|STATEMENT_EXECUTE|[29]
14:31:39.11 (309997506)|VARIABLE_ASSIGNMENT|[29]|this.ProductCode|"55d66226726b611100aa (4 more) ..."|0x442e3080
14:31:39.11 (310003060)|STATEMENT_EXECUTE|[30]
14:31:39.11 (310009529)|HEAP_ALLOCATE|[EXTERNAL]|Bytes:4
14:31:39.11 (310020719)|HEAP_ALLOCATE|[19]|Bytes:5
14:31:39.11 (310035206)|HEAP_ALLOCATE|[19]|Bytes:36
14:31:39.11 (310044758)|VARIABLE_SCOPE_BEGIN|[19]|o|Object|false|false
14:31:39.11 (310060729)|VARIABLE_ASSIGNMENT|[19]|o|"Map of size 8 too large to display"
14:31:39.11 (310064707)|STATEMENT_EXECUTE|[19]
14:31:39.11 (310066202)|STATEMENT_EXECUTE|[20]
14:31:39.11 (310069070)|VARIABLE_SCOPE_BEGIN|[20]|mapProduct|Map<String,ANY>|true|false
14:31:39.11 (310078382)|VARIABLE_ASSIGNMENT|[20]|mapProduct|"Map of size 8 too large to display"|0x1296f544
14:31:39.11 (310083545)|STATEMENT_EXECUTE|[21]
14:31:39.11 (310093455)|HEAP_ALLOCATE|[21]|Bytes:4
14:31:39.11 (310101942)|VARIABLE_SCOPE_BEGIN|[21]|product|Product2|true|false
14:31:39.11 (310112263)|VARIABLE_ASSIGNMENT|[21]|product|{}|0x7414221c
14:31:39.11 (310117154)|STATEMENT_EXECUTE|[22]
14:31:39.11 (310143173)|VARIABLE_ASSIGNMENT|[22]|this.Name|"Ball Valve 10 cm"|0x7414221c
14:31:39.11 (310148978)|STATEMENT_EXECUTE|[23]
14:31:39.11 (310159166)|HEAP_ALLOCATE|[23]|Bytes:28
14:31:39.11 (310179671)|VARIABLE_ASSIGNMENT|[23]|this.Cost__c|50|0x7414221c
14:31:39.11 (310185052)|STATEMENT_EXECUTE|[24]
14:31:39.11 (310194769)|HEAP_ALLOCATE|[24]|Bytes:28
14:31:39.11 (310211180)|VARIABLE_ASSIGNMENT|[24]|this.Current_Inventory__c|90|0x7414221c
14:31:39.11 (310216553)|STATEMENT_EXECUTE|[25]
14:31:39.11 (310226865)|HEAP_ALLOCATE|[25]|Bytes:28
14:31:39.11 (310230657)|HEAP_ALLOCATE|[25]|Bytes:28
14:31:39.11 (310246739)|VARIABLE_ASSIGNMENT|[25]|this.Maintenance_Cycle__c|0|0x7414221c
14:31:39.11 (310252023)|STATEMENT_EXECUTE|[26]
14:31:39.11 (310272264)|VARIABLE_ASSIGNMENT|[26]|this.Replacement_Part__c|true|0x7414221c
14:31:39.11 (310277666)|STATEMENT_EXECUTE|[27]
14:31:39.11 (310287983)|HEAP_ALLOCATE|[27]|Bytes:28
14:31:39.11 (310291617)|HEAP_ALLOCATE|[27]|Bytes:28
14:31:39.11 (310307182)|VARIABLE_ASSIGNMENT|[27]|this.Lifespan_Months__c|0|0x7414221c
14:31:39.11 (310313285)|STATEMENT_EXECUTE|[28]
14:31:39.11 (310332674)|VARIABLE_ASSIGNMENT|[28]|this.Warehouse_SKU__c|"100009"|0x7414221c
14:31:39.11 (310338313)|STATEMENT_EXECUTE|[29]
14:31:39.11 (310358830)|VARIABLE_ASSIGNMENT|[29]|this.ProductCode|"55d66226726b611100aa (4 more) ..."|0x7414221c
14:31:39.11 (310364821)|STATEMENT_EXECUTE|[30]
14:31:39.11 (310370485)|HEAP_ALLOCATE|[EXTERNAL]|Bytes:4
14:31:39.11 (310380861)|HEAP_ALLOCATE|[19]|Bytes:5
14:31:39.11 (310394951)|HEAP_ALLOCATE|[19]|Bytes:36
14:31:39.11 (310403771)|VARIABLE_SCOPE_BEGIN|[19]|o|Object|false|false
14:31:39.11 (310416069)|VARIABLE_ASSIGNMENT|[19]|o|"Map of size 8 too large to display"
14:31:39.11 (310420971)|STATEMENT_EXECUTE|[19]
14:31:39.11 (310422420)|STATEMENT_EXECUTE|[20]
14:31:39.11 (310425348)|VARIABLE_SCOPE_BEGIN|[20]|mapProduct|Map<String,ANY>|true|false
14:31:39.11 (310434616)|VARIABLE_ASSIGNMENT|[20]|mapProduct|"Map of size 8 too large to display"|0x2a1eaf1a
14:31:39.11 (310439082)|STATEMENT_EXECUTE|[21]
14:31:39.11 (310448479)|HEAP_ALLOCATE|[21]|Bytes:4
14:31:39.11 (310457461)|VARIABLE_SCOPE_BEGIN|[21]|product|Product2|true|false
14:31:39.11 (310466904)|VARIABLE_ASSIGNMENT|[21]|product|{}|0x1f8130e9
14:31:39.11 (310471887)|STATEMENT_EXECUTE|[22]
14:31:39.11 (310497679)|VARIABLE_ASSIGNMENT|[22]|this.Name|"Converter"|0x1f8130e9
14:31:39.11 (310503346)|STATEMENT_EXECUTE|[23]
14:31:39.11 (310513775)|HEAP_ALLOCATE|[23]|Bytes:28
14:31:39.11 (310532637)|VARIABLE_ASSIGNMENT|[23]|this.Cost__c|3000|0x1f8130e9
14:31:39.11 (310537917)|STATEMENT_EXECUTE|[24]
14:31:39.11 (310548459)|HEAP_ALLOCATE|[24]|Bytes:28
14:31:39.11 (310552072)|HEAP_ALLOCATE|[24]|Bytes:28
14:31:39.11 (310567967)|VARIABLE_ASSIGNMENT|[24]|this.Current_Inventory__c|2|0x1f8130e9
14:31:39.11 (310573846)|STATEMENT_EXECUTE|[25]
14:31:39.11 (310583164)|HEAP_ALLOCATE|[25]|Bytes:28
14:31:39.11 (310598835)|VARIABLE_ASSIGNMENT|[25]|this.Maintenance_Cycle__c|180|0x1f8130e9
14:31:39.11 (310604198)|STATEMENT_EXECUTE|[26]
14:31:39.11 (310624102)|VARIABLE_ASSIGNMENT|[26]|this.Replacement_Part__c|false|0x1f8130e9
14:31:39.11 (310629931)|STATEMENT_EXECUTE|[27]
14:31:39.11 (310638848)|HEAP_ALLOCATE|[27]|Bytes:28
14:31:39.11 (310654641)|VARIABLE_ASSIGNMENT|[27]|this.Lifespan_Months__c|120|0x1f8130e9
14:31:39.11 (310660379)|STATEMENT_EXECUTE|[28]
14:31:39.11 (310679454)|VARIABLE_ASSIGNMENT|[28]|this.Warehouse_SKU__c|"100010"|0x1f8130e9
14:31:39.11 (310684943)|STATEMENT_EXECUTE|[29]
14:31:39.11 (310705741)|VARIABLE_ASSIGNMENT|[29]|this.ProductCode|"55d66226726b611100aa (4 more) ..."|0x1f8130e9
14:31:39.11 (310712113)|STATEMENT_EXECUTE|[30]
14:31:39.11 (310717576)|HEAP_ALLOCATE|[EXTERNAL]|Bytes:4
14:31:39.11 (310728189)|HEAP_ALLOCATE|[19]|Bytes:5
14:31:39.11 (310741997)|HEAP_ALLOCATE|[19]|Bytes:36
14:31:39.11 (310750542)|VARIABLE_SCOPE_BEGIN|[19]|o|Object|false|false
14:31:39.11 (310762616)|VARIABLE_ASSIGNMENT|[19]|o|"Map of size 8 too large to display"
14:31:39.11 (310766655)|STATEMENT_EXECUTE|[19]
14:31:39.11 (310768173)|STATEMENT_EXECUTE|[20]
14:31:39.11 (310771097)|VARIABLE_SCOPE_BEGIN|[20]|mapProduct|Map<String,ANY>|true|false
14:31:39.11 (310780088)|VARIABLE_ASSIGNMENT|[20]|mapProduct|"Map of size 8 too large to display"|0x3a18da88
14:31:39.11 (310789337)|STATEMENT_EXECUTE|[21]
14:31:39.11 (310799155)|HEAP_ALLOCATE|[21]|Bytes:4
14:31:39.11 (310808585)|VARIABLE_SCOPE_BEGIN|[21]|product|Product2|true|false
14:31:39.11 (310818512)|VARIABLE_ASSIGNMENT|[21]|product|{}|0x6fc90b15
14:31:39.11 (310823216)|STATEMENT_EXECUTE|[22]
14:31:39.11 (310848849)|VARIABLE_ASSIGNMENT|[22]|this.Name|"Ball Valve 8 cm"|0x6fc90b15
14:31:39.11 (310855002)|STATEMENT_EXECUTE|[23]
14:31:39.11 (310865365)|HEAP_ALLOCATE|[23]|Bytes:28
14:31:39.11 (310883669)|VARIABLE_ASSIGNMENT|[23]|this.Cost__c|42|0x6fc90b15
14:31:39.11 (310889160)|STATEMENT_EXECUTE|[24]
14:31:39.11 (310898147)|HEAP_ALLOCATE|[24]|Bytes:28
14:31:39.11 (310913691)|VARIABLE_ASSIGNMENT|[24]|this.Current_Inventory__c|75|0x6fc90b15
14:31:39.11 (310919274)|STATEMENT_EXECUTE|[25]
14:31:39.11 (310929583)|HEAP_ALLOCATE|[25]|Bytes:28
14:31:39.11 (310932926)|HEAP_ALLOCATE|[25]|Bytes:28
14:31:39.11 (310948714)|VARIABLE_ASSIGNMENT|[25]|this.Maintenance_Cycle__c|0|0x6fc90b15
14:31:39.11 (310954245)|STATEMENT_EXECUTE|[26]
14:31:39.11 (310973947)|VARIABLE_ASSIGNMENT|[26]|this.Replacement_Part__c|true|0x6fc90b15
14:31:39.11 (310979761)|STATEMENT_EXECUTE|[27]
14:31:39.11 (310989788)|HEAP_ALLOCATE|[27]|Bytes:28
14:31:39.11 (310993262)|HEAP_ALLOCATE|[27]|Bytes:28
14:31:39.11 (311008956)|VARIABLE_ASSIGNMENT|[27]|this.Lifespan_Months__c|0|0x6fc90b15
14:31:39.11 (311015786)|STATEMENT_EXECUTE|[28]
14:31:39.11 (311034647)|VARIABLE_ASSIGNMENT|[28]|this.Warehouse_SKU__c|"100011"|0x6fc90b15
14:31:39.11 (311040494)|STATEMENT_EXECUTE|[29]
14:31:39.11 (311060690)|VARIABLE_ASSIGNMENT|[29]|this.ProductCode|"55d66226726b611100aa (4 more) ..."|0x6fc90b15
14:31:39.11 (311066160)|STATEMENT_EXECUTE|[30]
14:31:39.11 (311071361)|HEAP_ALLOCATE|[EXTERNAL]|Bytes:4
14:31:39.11 (311082259)|HEAP_ALLOCATE|[19]|Bytes:5
14:31:39.11 (311096601)|HEAP_ALLOCATE|[19]|Bytes:36
14:31:39.11 (311105492)|VARIABLE_SCOPE_BEGIN|[19]|o|Object|false|false
14:31:39.11 (311118047)|VARIABLE_ASSIGNMENT|[19]|o|"Map of size 8 too large to display"
14:31:39.11 (311122924)|STATEMENT_EXECUTE|[19]
14:31:39.11 (311124408)|STATEMENT_EXECUTE|[20]
14:31:39.11 (311127749)|VARIABLE_SCOPE_BEGIN|[20]|mapProduct|Map<String,ANY>|true|false
14:31:39.11 (311137362)|VARIABLE_ASSIGNMENT|[20]|mapProduct|"Map of size 8 too large to display"|0x30701f89
14:31:39.11 (311142327)|STATEMENT_EXECUTE|[21]
14:31:39.11 (311152016)|HEAP_ALLOCATE|[21]|Bytes:4
14:31:39.11 (311160491)|VARIABLE_SCOPE_BEGIN|[21]|product|Product2|true|false
14:31:39.11 (311170102)|VARIABLE_ASSIGNMENT|[21]|product|{}|0x26607716
14:31:39.11 (311174666)|STATEMENT_EXECUTE|[22]
14:31:39.11 (311204172)|VARIABLE_ASSIGNMENT|[22]|this.Name|"Breaker 25A"|0x26607716
14:31:39.11 (311210508)|STATEMENT_EXECUTE|[23]
14:31:39.11 (311221159)|HEAP_ALLOCATE|[23]|Bytes:28
14:31:39.11 (311244209)|VARIABLE_ASSIGNMENT|[23]|this.Cost__c|30|0x26607716
14:31:39.11 (311249657)|STATEMENT_EXECUTE|[24]
14:31:39.11 (311259103)|HEAP_ALLOCATE|[24]|Bytes:28
14:31:39.11 (311275148)|VARIABLE_ASSIGNMENT|[24]|this.Current_Inventory__c|100|0x26607716
14:31:39.11 (311280335)|STATEMENT_EXECUTE|[25]
14:31:39.11 (311290463)|HEAP_ALLOCATE|[25]|Bytes:28
14:31:39.11 (311295266)|HEAP_ALLOCATE|[25]|Bytes:28
14:31:39.11 (311310487)|VARIABLE_ASSIGNMENT|[25]|this.Maintenance_Cycle__c|0|0x26607716
14:31:39.11 (311315712)|STATEMENT_EXECUTE|[26]
14:31:39.11 (311335563)|VARIABLE_ASSIGNMENT|[26]|this.Replacement_Part__c|true|0x26607716
14:31:39.11 (311340904)|STATEMENT_EXECUTE|[27]
14:31:39.11 (311350698)|HEAP_ALLOCATE|[27]|Bytes:28
14:31:39.11 (311354223)|HEAP_ALLOCATE|[27]|Bytes:28
14:31:39.11 (311369032)|VARIABLE_ASSIGNMENT|[27]|this.Lifespan_Months__c|0|0x26607716
14:31:39.11 (311374873)|STATEMENT_EXECUTE|[28]
14:31:39.11 (311393529)|VARIABLE_ASSIGNMENT|[28]|this.Warehouse_SKU__c|"100012"|0x26607716
14:31:39.11 (311399177)|STATEMENT_EXECUTE|[29]
14:31:39.11 (311419335)|VARIABLE_ASSIGNMENT|[29]|this.ProductCode|"55d66226726b611100aa (4 more) ..."|0x26607716
14:31:39.11 (311424576)|STATEMENT_EXECUTE|[30]
14:31:39.11 (311430253)|HEAP_ALLOCATE|[EXTERNAL]|Bytes:4
14:31:39.11 (311440825)|HEAP_ALLOCATE|[19]|Bytes:5
14:31:39.11 (311454457)|HEAP_ALLOCATE|[19]|Bytes:36
14:31:39.11 (311463706)|VARIABLE_SCOPE_BEGIN|[19]|o|Object|false|false
14:31:39.11 (311475391)|VARIABLE_ASSIGNMENT|[19]|o|"Map of size 8 too large to display"
14:31:39.11 (311479383)|STATEMENT_EXECUTE|[19]
14:31:39.11 (311480884)|STATEMENT_EXECUTE|[20]
14:31:39.11 (311483842)|VARIABLE_SCOPE_BEGIN|[20]|mapProduct|Map<String,ANY>|true|false
14:31:39.11 (311493073)|VARIABLE_ASSIGNMENT|[20]|mapProduct|"Map of size 8 too large to display"|0x5ad035c8
14:31:39.11 (311498372)|STATEMENT_EXECUTE|[21]
14:31:39.11 (311508005)|HEAP_ALLOCATE|[21]|Bytes:4
14:31:39.11 (311516496)|VARIABLE_SCOPE_BEGIN|[21]|product|Product2|true|false
14:31:39.11 (311526348)|VARIABLE_ASSIGNMENT|[21]|product|{}|0x7d661c24
14:31:39.11 (311531310)|STATEMENT_EXECUTE|[22]
14:31:39.11 (311556553)|VARIABLE_ASSIGNMENT|[22]|this.Name|"Switch"|0x7d661c24
14:31:39.11 (311562614)|STATEMENT_EXECUTE|[23]
14:31:39.11 (311572694)|HEAP_ALLOCATE|[23]|Bytes:28
14:31:39.11 (311591585)|VARIABLE_ASSIGNMENT|[23]|this.Cost__c|100|0x7d661c24
14:31:39.11 (311596820)|STATEMENT_EXECUTE|[24]
14:31:39.11 (311606751)|HEAP_ALLOCATE|[24]|Bytes:28
14:31:39.11 (311622305)|VARIABLE_ASSIGNMENT|[24]|this.Current_Inventory__c|150|0x7d661c24
14:31:39.11 (311627388)|STATEMENT_EXECUTE|[25]
14:31:39.11 (311637514)|HEAP_ALLOCATE|[25]|Bytes:28
14:31:39.11 (311641330)|HEAP_ALLOCATE|[25]|Bytes:28
14:31:39.11 (311656783)|VARIABLE_ASSIGNMENT|[25]|this.Maintenance_Cycle__c|0|0x7d661c24
14:31:39.11 (311662513)|STATEMENT_EXECUTE|[26]
14:31:39.11 (311682578)|VARIABLE_ASSIGNMENT|[26]|this.Replacement_Part__c|true|0x7d661c24
14:31:39.11 (311688107)|STATEMENT_EXECUTE|[27]
14:31:39.11 (311698173)|HEAP_ALLOCATE|[27]|Bytes:28
14:31:39.11 (311701741)|HEAP_ALLOCATE|[27]|Bytes:28
14:31:39.11 (311717530)|VARIABLE_ASSIGNMENT|[27]|this.Lifespan_Months__c|0|0x7d661c24
14:31:39.11 (311722425)|STATEMENT_EXECUTE|[28]
14:31:39.11 (311741422)|VARIABLE_ASSIGNMENT|[28]|this.Warehouse_SKU__c|"100013"|0x7d661c24
14:31:39.11 (311747053)|STATEMENT_EXECUTE|[29]
14:31:39.11 (311767411)|VARIABLE_ASSIGNMENT|[29]|this.ProductCode|"55d66226726b611100aa (4 more) ..."|0x7d661c24
14:31:39.11 (311773842)|STATEMENT_EXECUTE|[30]
14:31:39.11 (311779362)|HEAP_ALLOCATE|[EXTERNAL]|Bytes:4
14:31:39.11 (311794904)|HEAP_ALLOCATE|[19]|Bytes:5
14:31:39.11 (311809443)|HEAP_ALLOCATE|[19]|Bytes:36
14:31:39.11 (311818203)|VARIABLE_SCOPE_BEGIN|[19]|o|Object|false|false
14:31:39.11 (311830341)|VARIABLE_ASSIGNMENT|[19]|o|"Map of size 8 too large to display"
14:31:39.11 (311835273)|STATEMENT_EXECUTE|[19]
14:31:39.11 (311836690)|STATEMENT_EXECUTE|[20]
14:31:39.11 (311839576)|VARIABLE_SCOPE_BEGIN|[20]|mapProduct|Map<String,ANY>|true|false
14:31:39.11 (311848880)|VARIABLE_ASSIGNMENT|[20]|mapProduct|"Map of size 8 too large to display"|0x4ddad856
14:31:39.11 (311853631)|STATEMENT_EXECUTE|[21]
14:31:39.11 (311863570)|HEAP_ALLOCATE|[21]|Bytes:4
14:31:39.11 (311872188)|VARIABLE_SCOPE_BEGIN|[21]|product|Product2|true|false
14:31:39.11 (311881790)|VARIABLE_ASSIGNMENT|[21]|product|{}|0x68a7de3c
14:31:39.11 (311886536)|STATEMENT_EXECUTE|[22]
14:31:39.11 (311912630)|VARIABLE_ASSIGNMENT|[22]|this.Name|"Ball Valve 5 cm"|0x68a7de3c
14:31:39.11 (311919019)|STATEMENT_EXECUTE|[23]
14:31:39.11 (311929218)|HEAP_ALLOCATE|[23]|Bytes:28
14:31:39.11 (311947612)|VARIABLE_ASSIGNMENT|[23]|this.Cost__c|30|0x68a7de3c
14:31:39.11 (311953308)|STATEMENT_EXECUTE|[24]
14:31:39.11 (311962407)|HEAP_ALLOCATE|[24]|Bytes:28
14:31:39.11 (311979042)|VARIABLE_ASSIGNMENT|[24]|this.Current_Inventory__c|200|0x68a7de3c
14:31:39.11 (311984984)|STATEMENT_EXECUTE|[25]
14:31:39.11 (311995033)|HEAP_ALLOCATE|[25]|Bytes:28
14:31:39.11 (311998658)|HEAP_ALLOCATE|[25]|Bytes:28
14:31:39.11 (312013678)|VARIABLE_ASSIGNMENT|[25]|this.Maintenance_Cycle__c|0|0x68a7de3c
14:31:39.11 (312019742)|STATEMENT_EXECUTE|[26]
14:31:39.11 (312039913)|VARIABLE_ASSIGNMENT|[26]|this.Replacement_Part__c|true|0x68a7de3c
14:31:39.11 (312045859)|STATEMENT_EXECUTE|[27]
14:31:39.11 (312055615)|HEAP_ALLOCATE|[27]|Bytes:28
14:31:39.11 (312059573)|HEAP_ALLOCATE|[27]|Bytes:28
14:31:39.11 (312074655)|VARIABLE_ASSIGNMENT|[27]|this.Lifespan_Months__c|0|0x68a7de3c
14:31:39.11 (312080217)|STATEMENT_EXECUTE|[28]
14:31:39.11 (312098883)|VARIABLE_ASSIGNMENT|[28]|this.Warehouse_SKU__c|"100014"|0x68a7de3c
14:31:39.11 (312104029)|STATEMENT_EXECUTE|[29]
14:31:39.11 (312124171)|VARIABLE_ASSIGNMENT|[29]|this.ProductCode|"55d66226726b611100aa (4 more) ..."|0x68a7de3c
14:31:39.11 (312129750)|STATEMENT_EXECUTE|[30]
14:31:39.11 (312135043)|HEAP_ALLOCATE|[EXTERNAL]|Bytes:4
14:31:39.11 (312145742)|HEAP_ALLOCATE|[19]|Bytes:5
14:31:39.11 (312159392)|HEAP_ALLOCATE|[19]|Bytes:36
14:31:39.11 (312168343)|VARIABLE_SCOPE_BEGIN|[19]|o|Object|false|false
14:31:39.11 (312180671)|VARIABLE_ASSIGNMENT|[19]|o|"Map of size 8 too large to display"
14:31:39.11 (312184816)|STATEMENT_EXECUTE|[19]
14:31:39.11 (312186288)|STATEMENT_EXECUTE|[20]
14:31:39.11 (312189011)|VARIABLE_SCOPE_BEGIN|[20]|mapProduct|Map<String,ANY>|true|false
14:31:39.11 (312198581)|VARIABLE_ASSIGNMENT|[20]|mapProduct|"Map of size 8 too large to display"|0x3382d895
14:31:39.11 (312203690)|STATEMENT_EXECUTE|[21]
14:31:39.11 (312214355)|HEAP_ALLOCATE|[21]|Bytes:4
14:31:39.11 (312223123)|VARIABLE_SCOPE_BEGIN|[21]|product|Product2|true|false
14:31:39.11 (312232595)|VARIABLE_ASSIGNMENT|[21]|product|{}|0x7ec865fd
14:31:39.11 (312237655)|STATEMENT_EXECUTE|[22]
14:31:39.11 (312262303)|VARIABLE_ASSIGNMENT|[22]|this.Name|"UPS 3000 VA"|0x7ec865fd
14:31:39.11 (312267806)|STATEMENT_EXECUTE|[23]
14:31:39.11 (312277882)|HEAP_ALLOCATE|[23]|Bytes:28
14:31:39.11 (312296850)|VARIABLE_ASSIGNMENT|[23]|this.Cost__c|1600|0x7ec865fd
14:31:39.11 (312302409)|STATEMENT_EXECUTE|[24]
14:31:39.11 (312313035)|HEAP_ALLOCATE|[24]|Bytes:28
14:31:39.11 (312316420)|HEAP_ALLOCATE|[24]|Bytes:28
14:31:39.11 (312333156)|VARIABLE_ASSIGNMENT|[24]|this.Current_Inventory__c|8|0x7ec865fd
14:31:39.11 (312338424)|STATEMENT_EXECUTE|[25]
14:31:39.11 (312347466)|HEAP_ALLOCATE|[25]|Bytes:28
14:31:39.11 (312362587)|VARIABLE_ASSIGNMENT|[25]|this.Maintenance_Cycle__c|180|0x7ec865fd
14:31:39.11 (312367952)|STATEMENT_EXECUTE|[26]
14:31:39.11 (312387970)|VARIABLE_ASSIGNMENT|[26]|this.Replacement_Part__c|false|0x7ec865fd
14:31:39.11 (312393337)|STATEMENT_EXECUTE|[27]
14:31:39.11 (312402236)|HEAP_ALLOCATE|[27]|Bytes:28
14:31:39.11 (312417213)|VARIABLE_ASSIGNMENT|[27]|this.Lifespan_Months__c|60|0x7ec865fd
14:31:39.11 (312422731)|STATEMENT_EXECUTE|[28]
14:31:39.11 (312441325)|VARIABLE_ASSIGNMENT|[28]|this.Warehouse_SKU__c|"100015"|0x7ec865fd
14:31:39.11 (312446691)|STATEMENT_EXECUTE|[29]
14:31:39.11 (312467105)|VARIABLE_ASSIGNMENT|[29]|this.ProductCode|"55d66226726b611100aa (4 more) ..."|0x7ec865fd
14:31:39.11 (312473243)|STATEMENT_EXECUTE|[30]
14:31:39.11 (312478638)|HEAP_ALLOCATE|[EXTERNAL]|Bytes:4
14:31:39.11 (312489371)|HEAP_ALLOCATE|[19]|Bytes:5
14:31:39.11 (312503344)|HEAP_ALLOCATE|[19]|Bytes:36
14:31:39.11 (312512051)|VARIABLE_SCOPE_BEGIN|[19]|o|Object|false|false
14:31:39.11 (312524369)|VARIABLE_ASSIGNMENT|[19]|o|"Map of size 8 too large to display"
14:31:39.11 (312529307)|STATEMENT_EXECUTE|[19]
14:31:39.11 (312530782)|STATEMENT_EXECUTE|[20]
14:31:39.11 (312533681)|VARIABLE_SCOPE_BEGIN|[20]|mapProduct|Map<String,ANY>|true|false
14:31:39.11 (312543244)|VARIABLE_ASSIGNMENT|[20]|mapProduct|"Map of size 8 too large to display"|0x65cb0a1a
14:31:39.11 (312548221)|STATEMENT_EXECUTE|[21]
14:31:39.11 (312557751)|HEAP_ALLOCATE|[21]|Bytes:4
14:31:39.11 (312566193)|VARIABLE_SCOPE_BEGIN|[21]|product|Product2|true|false
14:31:39.11 (312575445)|VARIABLE_ASSIGNMENT|[21]|product|{}|0x33cb7ea1
14:31:39.11 (312580073)|STATEMENT_EXECUTE|[22]
14:31:39.11 (312605021)|VARIABLE_ASSIGNMENT|[22]|this.Name|"UPS 1000 VA"|0x33cb7ea1
14:31:39.11 (312610804)|STATEMENT_EXECUTE|[23]
14:31:39.11 (312621102)|HEAP_ALLOCATE|[23]|Bytes:28
14:31:39.11 (312639301)|VARIABLE_ASSIGNMENT|[23]|this.Cost__c|1000|0x33cb7ea1
14:31:39.11 (312644542)|STATEMENT_EXECUTE|[24]
14:31:39.11 (312655031)|HEAP_ALLOCATE|[24]|Bytes:28
14:31:39.11 (312658596)|HEAP_ALLOCATE|[24]|Bytes:28
14:31:39.11 (312674464)|VARIABLE_ASSIGNMENT|[24]|this.Current_Inventory__c|10|0x33cb7ea1
14:31:39.11 (312680320)|STATEMENT_EXECUTE|[25]
14:31:39.11 (312689468)|HEAP_ALLOCATE|[25]|Bytes:28
14:31:39.11 (312705413)|VARIABLE_ASSIGNMENT|[25]|this.Maintenance_Cycle__c|180|0x33cb7ea1
14:31:39.11 (312711072)|STATEMENT_EXECUTE|[26]
14:31:39.11 (312731035)|VARIABLE_ASSIGNMENT|[26]|this.Replacement_Part__c|false|0x33cb7ea1
14:31:39.11 (312735997)|STATEMENT_EXECUTE|[27]
14:31:39.11 (312744957)|HEAP_ALLOCATE|[27]|Bytes:28
14:31:39.11 (312760629)|VARIABLE_ASSIGNMENT|[27]|this.Lifespan_Months__c|48|0x33cb7ea1
14:31:39.11 (312765575)|STATEMENT_EXECUTE|[28]
14:31:39.11 (312788523)|VARIABLE_ASSIGNMENT|[28]|this.Warehouse_SKU__c|"100016"|0x33cb7ea1
14:31:39.11 (312794592)|STATEMENT_EXECUTE|[29]
14:31:39.11 (312816083)|VARIABLE_ASSIGNMENT|[29]|this.ProductCode|"55d66226726b611100aa (4 more) ..."|0x33cb7ea1
14:31:39.11 (312821677)|STATEMENT_EXECUTE|[30]
14:31:39.11 (312827214)|HEAP_ALLOCATE|[EXTERNAL]|Bytes:4
14:31:39.11 (312837706)|HEAP_ALLOCATE|[19]|Bytes:5
14:31:39.11 (312851789)|HEAP_ALLOCATE|[19]|Bytes:36
14:31:39.11 (312860744)|VARIABLE_SCOPE_BEGIN|[19]|o|Object|false|false
14:31:39.11 (312872986)|VARIABLE_ASSIGNMENT|[19]|o|"Map of size 8 too large to display"
14:31:39.11 (312877714)|STATEMENT_EXECUTE|[19]
14:31:39.11 (312879169)|STATEMENT_EXECUTE|[20]
14:31:39.11 (312882199)|VARIABLE_SCOPE_BEGIN|[20]|mapProduct|Map<String,ANY>|true|false
14:31:39.11 (312891480)|VARIABLE_ASSIGNMENT|[20]|mapProduct|"Map of size 8 too large to display"|0x16a85e3d
14:31:39.11 (312896335)|STATEMENT_EXECUTE|[21]
14:31:39.11 (312905685)|HEAP_ALLOCATE|[21]|Bytes:4
14:31:39.11 (312914382)|VARIABLE_SCOPE_BEGIN|[21]|product|Product2|true|false
14:31:39.11 (312924096)|VARIABLE_ASSIGNMENT|[21]|product|{}|0x2bf22698
14:31:39.11 (312928984)|STATEMENT_EXECUTE|[22]
14:31:39.11 (312954196)|VARIABLE_ASSIGNMENT|[22]|this.Name|"Breaker 8A"|0x2bf22698
14:31:39.11 (312960015)|STATEMENT_EXECUTE|[23]
14:31:39.11 (312971808)|HEAP_ALLOCATE|[23]|Bytes:28
14:31:39.11 (312975652)|HEAP_ALLOCATE|[23]|Bytes:28
14:31:39.11 (312993534)|VARIABLE_ASSIGNMENT|[23]|this.Cost__c|10|0x2bf22698
14:31:39.11 (312999126)|STATEMENT_EXECUTE|[24]
14:31:39.11 (313009030)|HEAP_ALLOCATE|[24]|Bytes:28
14:31:39.11 (313025673)|VARIABLE_ASSIGNMENT|[24]|this.Current_Inventory__c|180|0x2bf22698
14:31:39.11 (313031162)|STATEMENT_EXECUTE|[25]
14:31:39.11 (313040977)|HEAP_ALLOCATE|[25]|Bytes:28
14:31:39.11 (313044739)|HEAP_ALLOCATE|[25]|Bytes:28
14:31:39.11 (313060012)|VARIABLE_ASSIGNMENT|[25]|this.Maintenance_Cycle__c|0|0x2bf22698
14:31:39.11 (313065198)|STATEMENT_EXECUTE|[26]
14:31:39.11 (313085109)|VARIABLE_ASSIGNMENT|[26]|this.Replacement_Part__c|true|0x2bf22698
14:31:39.11 (313090593)|STATEMENT_EXECUTE|[27]
14:31:39.11 (313100461)|HEAP_ALLOCATE|[27]|Bytes:28
14:31:39.11 (313104046)|HEAP_ALLOCATE|[27]|Bytes:28
14:31:39.11 (313119584)|VARIABLE_ASSIGNMENT|[27]|this.Lifespan_Months__c|0|0x2bf22698
14:31:39.11 (313125124)|STATEMENT_EXECUTE|[28]
14:31:39.11 (313143808)|VARIABLE_ASSIGNMENT|[28]|this.Warehouse_SKU__c|"100017"|0x2bf22698
14:31:39.11 (313149235)|STATEMENT_EXECUTE|[29]
14:31:39.11 (313169799)|VARIABLE_ASSIGNMENT|[29]|this.ProductCode|"55d66226726b611100aa (4 more) ..."|0x2bf22698
14:31:39.11 (313176021)|STATEMENT_EXECUTE|[30]
14:31:39.11 (313181304)|HEAP_ALLOCATE|[EXTERNAL]|Bytes:4
14:31:39.11 (313192879)|HEAP_ALLOCATE|[19]|Bytes:5
14:31:39.11 (313206187)|HEAP_ALLOCATE|[19]|Bytes:36
14:31:39.11 (313214771)|VARIABLE_SCOPE_BEGIN|[19]|o|Object|false|false
14:31:39.11 (313226887)|VARIABLE_ASSIGNMENT|[19]|o|"Map of size 8 too large to display"
14:31:39.11 (313231884)|STATEMENT_EXECUTE|[19]
14:31:39.11 (313233358)|STATEMENT_EXECUTE|[20]
14:31:39.11 (313236343)|VARIABLE_SCOPE_BEGIN|[20]|mapProduct|Map<String,ANY>|true|false
14:31:39.11 (313245431)|VARIABLE_ASSIGNMENT|[20]|mapProduct|"Map of size 8 too large to display"|0x16d46226
14:31:39.11 (313250276)|STATEMENT_EXECUTE|[21]
14:31:39.11 (313259998)|HEAP_ALLOCATE|[21]|Bytes:4
14:31:39.11 (313268952)|VARIABLE_SCOPE_BEGIN|[21]|product|Product2|true|false
14:31:39.11 (313278493)|VARIABLE_ASSIGNMENT|[21]|product|{}|0x7e02382b
14:31:39.11 (313283184)|STATEMENT_EXECUTE|[22]
14:31:39.11 (313308606)|VARIABLE_ASSIGNMENT|[22]|this.Name|"Cooling Tower"|0x7e02382b
14:31:39.11 (313314410)|STATEMENT_EXECUTE|[23]
14:31:39.11 (313324581)|HEAP_ALLOCATE|[23]|Bytes:28
14:31:39.11 (313343659)|VARIABLE_ASSIGNMENT|[23]|this.Cost__c|10000|0x7e02382b
14:31:39.11 (313348994)|STATEMENT_EXECUTE|[24]
14:31:39.11 (313359382)|HEAP_ALLOCATE|[24]|Bytes:28
14:31:39.11 (313363402)|HEAP_ALLOCATE|[24]|Bytes:28
14:31:39.11 (313379531)|VARIABLE_ASSIGNMENT|[24]|this.Current_Inventory__c|2|0x7e02382b
14:31:39.11 (313384817)|STATEMENT_EXECUTE|[25]
14:31:39.11 (313394131)|HEAP_ALLOCATE|[25]|Bytes:28
14:31:39.11 (313409328)|VARIABLE_ASSIGNMENT|[25]|this.Maintenance_Cycle__c|365|0x7e02382b
14:31:39.11 (313414935)|STATEMENT_EXECUTE|[26]
14:31:39.11 (313434563)|VARIABLE_ASSIGNMENT|[26]|this.Replacement_Part__c|false|0x7e02382b
14:31:39.11 (313440032)|STATEMENT_EXECUTE|[27]
14:31:39.11 (313449012)|HEAP_ALLOCATE|[27]|Bytes:28
14:31:39.11 (313464504)|VARIABLE_ASSIGNMENT|[27]|this.Lifespan_Months__c|120|0x7e02382b
14:31:39.11 (313469833)|STATEMENT_EXECUTE|[28]
14:31:39.11 (313488817)|VARIABLE_ASSIGNMENT|[28]|this.Warehouse_SKU__c|"100018"|0x7e02382b
14:31:39.11 (313494434)|STATEMENT_EXECUTE|[29]
14:31:39.11 (313514742)|VARIABLE_ASSIGNMENT|[29]|this.ProductCode|"55d66226726b611100aa (4 more) ..."|0x7e02382b
14:31:39.11 (313520776)|STATEMENT_EXECUTE|[30]
14:31:39.11 (313526082)|HEAP_ALLOCATE|[EXTERNAL]|Bytes:4
14:31:39.11 (313536713)|HEAP_ALLOCATE|[19]|Bytes:5
14:31:39.11 (313550041)|HEAP_ALLOCATE|[19]|Bytes:36
14:31:39.11 (313558440)|VARIABLE_SCOPE_BEGIN|[19]|o|Object|false|false
14:31:39.11 (313569928)|VARIABLE_ASSIGNMENT|[19]|o|"Map of size 8 too large to display"
14:31:39.11 (313573872)|STATEMENT_EXECUTE|[19]
14:31:39.11 (313575338)|STATEMENT_EXECUTE|[20]
14:31:39.11 (313578171)|VARIABLE_SCOPE_BEGIN|[20]|mapProduct|Map<String,ANY>|true|false
14:31:39.11 (313587042)|VARIABLE_ASSIGNMENT|[20]|mapProduct|"Map of size 8 too large to display"|0x2a8fd860
14:31:39.11 (313591860)|STATEMENT_EXECUTE|[21]
14:31:39.11 (313601074)|HEAP_ALLOCATE|[21]|Bytes:4
14:31:39.11 (313609993)|VARIABLE_SCOPE_BEGIN|[21]|product|Product2|true|false
14:31:39.11 (313620041)|VARIABLE_ASSIGNMENT|[21]|product|{}|0x10f3ed4f
14:31:39.11 (313624884)|STATEMENT_EXECUTE|[22]
14:31:39.11 (313649715)|VARIABLE_ASSIGNMENT|[22]|this.Name|"Motor"|0x10f3ed4f
14:31:39.11 (313655508)|STATEMENT_EXECUTE|[23]
14:31:39.11 (313665502)|HEAP_ALLOCATE|[23]|Bytes:28
14:31:39.11 (313683197)|VARIABLE_ASSIGNMENT|[23]|this.Cost__c|150|0x10f3ed4f
14:31:39.11 (313688642)|STATEMENT_EXECUTE|[24]
14:31:39.11 (313697706)|HEAP_ALLOCATE|[24]|Bytes:28
14:31:39.11 (313713279)|VARIABLE_ASSIGNMENT|[24]|this.Current_Inventory__c|165|0x10f3ed4f
14:31:39.11 (313718634)|STATEMENT_EXECUTE|[25]
14:31:39.11 (313728671)|HEAP_ALLOCATE|[25]|Bytes:28
14:31:39.11 (313732490)|HEAP_ALLOCATE|[25]|Bytes:28
14:31:39.11 (313747933)|VARIABLE_ASSIGNMENT|[25]|this.Maintenance_Cycle__c|0|0x10f3ed4f
14:31:39.11 (313753705)|STATEMENT_EXECUTE|[26]
14:31:39.11 (313773469)|VARIABLE_ASSIGNMENT|[26]|this.Replacement_Part__c|true|0x10f3ed4f
14:31:39.11 (313779429)|STATEMENT_EXECUTE|[27]
14:31:39.11 (313794376)|HEAP_ALLOCATE|[27]|Bytes:28
14:31:39.11 (313798160)|HEAP_ALLOCATE|[27]|Bytes:28
14:31:39.11 (313814014)|VARIABLE_ASSIGNMENT|[27]|this.Lifespan_Months__c|0|0x10f3ed4f
14:31:39.11 (313819604)|STATEMENT_EXECUTE|[28]
14:31:39.11 (313838445)|VARIABLE_ASSIGNMENT|[28]|this.Warehouse_SKU__c|"100019"|0x10f3ed4f
14:31:39.11 (313844207)|STATEMENT_EXECUTE|[29]
14:31:39.11 (313864345)|VARIABLE_ASSIGNMENT|[29]|this.ProductCode|"55d66226726b611100aa (4 more) ..."|0x10f3ed4f
14:31:39.11 (313870037)|STATEMENT_EXECUTE|[30]
14:31:39.11 (313875369)|HEAP_ALLOCATE|[EXTERNAL]|Bytes:4
14:31:39.11 (313886052)|HEAP_ALLOCATE|[19]|Bytes:5
14:31:39.11 (313899764)|HEAP_ALLOCATE|[19]|Bytes:36
14:31:39.11 (313909060)|VARIABLE_SCOPE_BEGIN|[19]|o|Object|false|false
14:31:39.11 (313920710)|VARIABLE_ASSIGNMENT|[19]|o|"Map of size 8 too large to display"
14:31:39.11 (313925274)|STATEMENT_EXECUTE|[19]
14:31:39.11 (313926761)|STATEMENT_EXECUTE|[20]
14:31:39.11 (313929630)|VARIABLE_SCOPE_BEGIN|[20]|mapProduct|Map<String,ANY>|true|false
14:31:39.11 (313939026)|VARIABLE_ASSIGNMENT|[20]|mapProduct|"Map of size 8 too large to display"|0x25037825
14:31:39.11 (313944032)|STATEMENT_EXECUTE|[21]
14:31:39.11 (313953402)|HEAP_ALLOCATE|[21]|Bytes:4
14:31:39.11 (313962204)|VARIABLE_SCOPE_BEGIN|[21]|product|Product2|true|false
14:31:39.11 (313971912)|VARIABLE_ASSIGNMENT|[21]|product|{}|0x4aafdfce
14:31:39.11 (313976401)|STATEMENT_EXECUTE|[22]
14:31:39.11 (314001494)|VARIABLE_ASSIGNMENT|[22]|this.Name|"Breaker 13A"|0x4aafdfce
14:31:39.11 (314007858)|STATEMENT_EXECUTE|[23]
14:31:39.11 (314017810)|HEAP_ALLOCATE|[23]|Bytes:28
14:31:39.11 (314036241)|VARIABLE_ASSIGNMENT|[23]|this.Cost__c|20|0x4aafdfce
14:31:39.11 (314041594)|STATEMENT_EXECUTE|[24]
14:31:39.11 (314050699)|HEAP_ALLOCATE|[24]|Bytes:28
14:31:39.11 (314066723)|VARIABLE_ASSIGNMENT|[24]|this.Current_Inventory__c|210|0x4aafdfce
14:31:39.11 (314071668)|STATEMENT_EXECUTE|[25]
14:31:39.11 (314081833)|HEAP_ALLOCATE|[25]|Bytes:28
14:31:39.11 (314085557)|HEAP_ALLOCATE|[25]|Bytes:28
14:31:39.11 (314101164)|VARIABLE_ASSIGNMENT|[25]|this.Maintenance_Cycle__c|0|0x4aafdfce
14:31:39.11 (314106574)|STATEMENT_EXECUTE|[26]
14:31:39.11 (314126083)|VARIABLE_ASSIGNMENT|[26]|this.Replacement_Part__c|true|0x4aafdfce
14:31:39.11 (314131556)|STATEMENT_EXECUTE|[27]
14:31:39.11 (314141371)|HEAP_ALLOCATE|[27]|Bytes:28
14:31:39.11 (314145652)|HEAP_ALLOCATE|[27]|Bytes:28
14:31:39.11 (314160780)|VARIABLE_ASSIGNMENT|[27]|this.Lifespan_Months__c|0|0x4aafdfce
14:31:39.11 (314166187)|STATEMENT_EXECUTE|[28]
14:31:39.11 (314184667)|VARIABLE_ASSIGNMENT|[28]|this.Warehouse_SKU__c|"100020"|0x4aafdfce
14:31:39.11 (314189875)|STATEMENT_EXECUTE|[29]
14:31:39.11 (314210087)|VARIABLE_ASSIGNMENT|[29]|this.ProductCode|"55d66226726b611100aa (4 more) ..."|0x4aafdfce
14:31:39.11 (314216135)|STATEMENT_EXECUTE|[30]
14:31:39.11 (314221530)|HEAP_ALLOCATE|[EXTERNAL]|Bytes:4
14:31:39.11 (314231868)|HEAP_ALLOCATE|[19]|Bytes:5
14:31:39.11 (314245776)|HEAP_ALLOCATE|[19]|Bytes:36
14:31:39.11 (314254113)|VARIABLE_SCOPE_BEGIN|[19]|o|Object|false|false
14:31:39.11 (314266576)|VARIABLE_ASSIGNMENT|[19]|o|"Map of size 8 too large to display"
14:31:39.11 (314270666)|STATEMENT_EXECUTE|[19]
14:31:39.11 (314272183)|STATEMENT_EXECUTE|[20]
14:31:39.11 (314275006)|VARIABLE_SCOPE_BEGIN|[20]|mapProduct|Map<String,ANY>|true|false
14:31:39.11 (314284056)|VARIABLE_ASSIGNMENT|[20]|mapProduct|"Map of size 8 too large to display"|0x1e374223
14:31:39.11 (314288943)|STATEMENT_EXECUTE|[21]
14:31:39.11 (314297835)|HEAP_ALLOCATE|[21]|Bytes:4
14:31:39.11 (314307231)|VARIABLE_SCOPE_BEGIN|[21]|product|Product2|true|false
14:31:39.11 (314316528)|VARIABLE_ASSIGNMENT|[21]|product|{}|0x11215d3f
14:31:39.11 (314321308)|STATEMENT_EXECUTE|[22]
14:31:39.11 (314346024)|VARIABLE_ASSIGNMENT|[22]|this.Name|"Radiator Pump"|0x11215d3f
14:31:39.11 (314352192)|STATEMENT_EXECUTE|[23]
14:31:39.11 (314362502)|HEAP_ALLOCATE|[23]|Bytes:28
14:31:39.11 (314380896)|VARIABLE_ASSIGNMENT|[23]|this.Cost__c|500|0x11215d3f
14:31:39.11 (314386115)|STATEMENT_EXECUTE|[24]
14:31:39.11 (314395861)|HEAP_ALLOCATE|[24]|Bytes:28
14:31:39.11 (314412440)|VARIABLE_ASSIGNMENT|[24]|this.Current_Inventory__c|100|0x11215d3f
14:31:39.11 (314418302)|STATEMENT_EXECUTE|[25]
14:31:39.11 (314428486)|HEAP_ALLOCATE|[25]|Bytes:28
14:31:39.11 (314432328)|HEAP_ALLOCATE|[25]|Bytes:28
14:31:39.11 (314448173)|VARIABLE_ASSIGNMENT|[25]|this.Maintenance_Cycle__c|0|0x11215d3f
14:31:39.11 (314453794)|STATEMENT_EXECUTE|[26]
14:31:39.11 (314473620)|VARIABLE_ASSIGNMENT|[26]|this.Replacement_Part__c|true|0x11215d3f
14:31:39.11 (314479029)|STATEMENT_EXECUTE|[27]
14:31:39.11 (314489065)|HEAP_ALLOCATE|[27]|Bytes:28
14:31:39.11 (314492583)|HEAP_ALLOCATE|[27]|Bytes:28
14:31:39.11 (314508415)|VARIABLE_ASSIGNMENT|[27]|this.Lifespan_Months__c|0|0x11215d3f
14:31:39.11 (314513731)|STATEMENT_EXECUTE|[28]
14:31:39.11 (314532432)|VARIABLE_ASSIGNMENT|[28]|this.Warehouse_SKU__c|"100021"|0x11215d3f
14:31:39.11 (314537833)|STATEMENT_EXECUTE|[29]
14:31:39.11 (314558063)|VARIABLE_ASSIGNMENT|[29]|this.ProductCode|"55d66226726b611100aa (4 more) ..."|0x11215d3f
14:31:39.11 (314563577)|STATEMENT_EXECUTE|[30]
14:31:39.11 (314569108)|HEAP_ALLOCATE|[EXTERNAL]|Bytes:4
14:31:39.11 (314579803)|HEAP_ALLOCATE|[19]|Bytes:5
14:31:39.11 (314593719)|HEAP_ALLOCATE|[19]|Bytes:36
14:31:39.11 (314603148)|VARIABLE_SCOPE_BEGIN|[19]|o|Object|false|false
14:31:39.11 (314615593)|VARIABLE_ASSIGNMENT|[19]|o|"Map of size 8 too large to display"
14:31:39.11 (314619987)|STATEMENT_EXECUTE|[19]
14:31:39.11 (314621508)|STATEMENT_EXECUTE|[20]
14:31:39.11 (314624427)|VARIABLE_SCOPE_BEGIN|[20]|mapProduct|Map<String,ANY>|true|false
14:31:39.11 (314633376)|VARIABLE_ASSIGNMENT|[20]|mapProduct|"Map of size 8 too large to display"|0x2fddcd6e
14:31:39.11 (314638467)|STATEMENT_EXECUTE|[21]
14:31:39.11 (314648255)|HEAP_ALLOCATE|[21]|Bytes:4
14:31:39.11 (314656801)|VARIABLE_SCOPE_BEGIN|[21]|product|Product2|true|false
14:31:39.11 (314666711)|VARIABLE_ASSIGNMENT|[21]|product|{}|0x1bb836f4
14:31:39.11 (314671488)|STATEMENT_EXECUTE|[22]
14:31:39.11 (314696812)|VARIABLE_ASSIGNMENT|[22]|this.Name|"Breaker 20A"|0x1bb836f4
14:31:39.11 (314702498)|STATEMENT_EXECUTE|[23]
14:31:39.11 (314712318)|HEAP_ALLOCATE|[23]|Bytes:28
14:31:39.11 (314731140)|VARIABLE_ASSIGNMENT|[23]|this.Cost__c|25|0x1bb836f4
14:31:39.11 (314736420)|STATEMENT_EXECUTE|[24]
14:31:39.11 (314745611)|HEAP_ALLOCATE|[24]|Bytes:28
14:31:39.11 (314761099)|VARIABLE_ASSIGNMENT|[24]|this.Current_Inventory__c|129|0x1bb836f4
14:31:39.11 (314766182)|STATEMENT_EXECUTE|[25]
14:31:39.11 (314776517)|HEAP_ALLOCATE|[25]|Bytes:28
14:31:39.11 (314780042)|HEAP_ALLOCATE|[25]|Bytes:28
14:31:39.11 (314800103)|VARIABLE_ASSIGNMENT|[25]|this.Maintenance_Cycle__c|0|0x1bb836f4
14:31:39.11 (314805361)|STATEMENT_EXECUTE|[26]
14:31:39.11 (314826099)|VARIABLE_ASSIGNMENT|[26]|this.Replacement_Part__c|true|0x1bb836f4
14:31:39.11 (314831679)|STATEMENT_EXECUTE|[27]
14:31:39.11 (314841647)|HEAP_ALLOCATE|[27]|Bytes:28
14:31:39.11 (314845447)|HEAP_ALLOCATE|[27]|Bytes:28
14:31:39.11 (314860604)|VARIABLE_ASSIGNMENT|[27]|this.Lifespan_Months__c|0|0x1bb836f4
14:31:39.11 (314866407)|STATEMENT_EXECUTE|[28]
14:31:39.11 (314886233)|VARIABLE_ASSIGNMENT|[28]|this.Warehouse_SKU__c|"100022"|0x1bb836f4
14:31:39.11 (314891397)|STATEMENT_EXECUTE|[29]
14:31:39.11 (314911981)|VARIABLE_ASSIGNMENT|[29]|this.ProductCode|"55d66226726b611100aa (4 more) ..."|0x1bb836f4
14:31:39.11 (314917515)|STATEMENT_EXECUTE|[30]
14:31:39.11 (314923215)|HEAP_ALLOCATE|[EXTERNAL]|Bytes:4
14:31:39.11 (314934676)|HEAP_ALLOCATE|[19]|Bytes:5
14:31:39.11 (314948718)|HEAP_ALLOCATE|[19]|Bytes:36
14:31:39.11 (314957504)|VARIABLE_SCOPE_BEGIN|[19]|o|Object|false|false
14:31:39.11 (314969450)|VARIABLE_ASSIGNMENT|[19]|o|"Map of size 8 too large to display"
14:31:39.11 (314974445)|STATEMENT_EXECUTE|[19]
14:31:39.11 (314976109)|STATEMENT_EXECUTE|[20]
14:31:39.11 (314978941)|VARIABLE_SCOPE_BEGIN|[20]|mapProduct|Map<String,ANY>|true|false
14:31:39.11 (314987880)|VARIABLE_ASSIGNMENT|[20]|mapProduct|"Map of size 8 too large to display"|0x3fba49fa
14:31:39.11 (314992553)|STATEMENT_EXECUTE|[21]
14:31:39.11 (315002028)|HEAP_ALLOCATE|[21]|Bytes:4
14:31:39.11 (315011487)|VARIABLE_SCOPE_BEGIN|[21]|product|Product2|true|false
14:31:39.11 (315021078)|VARIABLE_ASSIGNMENT|[21]|product|{}|0x24692397
14:31:39.11 (315025917)|STATEMENT_EXECUTE|[22]
14:31:39.11 (315051272)|VARIABLE_ASSIGNMENT|[22]|this.Name|"UPS 2000 VA"|0x24692397
14:31:39.11 (315057170)|STATEMENT_EXECUTE|[23]
14:31:39.11 (315067724)|HEAP_ALLOCATE|[23]|Bytes:28
14:31:39.11 (315086153)|VARIABLE_ASSIGNMENT|[23]|this.Cost__c|1350|0x24692397
14:31:39.11 (315091572)|STATEMENT_EXECUTE|[24]
14:31:39.11 (315102162)|HEAP_ALLOCATE|[24]|Bytes:28
14:31:39.11 (315106629)|HEAP_ALLOCATE|[24]|Bytes:28
14:31:39.11 (315122870)|VARIABLE_ASSIGNMENT|[24]|this.Current_Inventory__c|10|0x24692397
14:31:39.11 (315127978)|STATEMENT_EXECUTE|[25]
14:31:39.11 (315136986)|HEAP_ALLOCATE|[25]|Bytes:28
14:31:39.11 (315152235)|VARIABLE_ASSIGNMENT|[25]|this.Maintenance_Cycle__c|180|0x24692397
14:31:39.11 (315157815)|STATEMENT_EXECUTE|[26]
14:31:39.11 (315177840)|VARIABLE_ASSIGNMENT|[26]|this.Replacement_Part__c|false|0x24692397
14:31:39.11 (315183615)|STATEMENT_EXECUTE|[27]
14:31:39.11 (315192527)|HEAP_ALLOCATE|[27]|Bytes:28
14:31:39.11 (315207451)|VARIABLE_ASSIGNMENT|[27]|this.Lifespan_Months__c|60|0x24692397
14:31:39.11 (315215386)|STATEMENT_EXECUTE|[28]
14:31:39.11 (315235169)|VARIABLE_ASSIGNMENT|[28]|this.Warehouse_SKU__c|"100001"|0x24692397
14:31:39.11 (315241336)|STATEMENT_EXECUTE|[29]
14:31:39.11 (315262134)|VARIABLE_ASSIGNMENT|[29]|this.ProductCode|"55d66226726b611100aa (4 more) ..."|0x24692397
14:31:39.11 (315267745)|STATEMENT_EXECUTE|[30]
14:31:39.11 (315273244)|HEAP_ALLOCATE|[EXTERNAL]|Bytes:4
14:31:39.11 (315284507)|HEAP_ALLOCATE|[19]|Bytes:5
14:31:39.11 (315297914)|HEAP_ALLOCATE|[19]|Bytes:36
14:31:39.11 (315306640)|VARIABLE_SCOPE_BEGIN|[19]|o|Object|false|false
14:31:39.11 (315318145)|VARIABLE_ASSIGNMENT|[19]|o|"Map of size 8 too large to display"
14:31:39.11 (315322619)|STATEMENT_EXECUTE|[19]
14:31:39.11 (315324157)|STATEMENT_EXECUTE|[20]
14:31:39.11 (315327080)|VARIABLE_SCOPE_BEGIN|[20]|mapProduct|Map<String,ANY>|true|false
14:31:39.11 (315336474)|VARIABLE_ASSIGNMENT|[20]|mapProduct|"Map of size 8 too large to display"|0x651e2cc9
14:31:39.11 (315341711)|STATEMENT_EXECUTE|[21]
14:31:39.11 (315351176)|HEAP_ALLOCATE|[21]|Bytes:4
14:31:39.11 (315359475)|VARIABLE_SCOPE_BEGIN|[21]|product|Product2|true|false
14:31:39.11 (315369030)|VARIABLE_ASSIGNMENT|[21]|product|{}|0x3fcba908
14:31:39.11 (315373809)|STATEMENT_EXECUTE|[22]
14:31:39.11 (315399263)|VARIABLE_ASSIGNMENT|[22]|this.Name|"Fuse 8A"|0x3fcba908
14:31:39.11 (315405691)|STATEMENT_EXECUTE|[23]
14:31:39.11 (315417768)|HEAP_ALLOCATE|[23]|Bytes:28
14:31:39.11 (315421590)|HEAP_ALLOCATE|[23]|Bytes:28
14:31:39.11 (315439727)|VARIABLE_ASSIGNMENT|[23]|this.Cost__c|5|0x3fcba908
14:31:39.11 (315445220)|STATEMENT_EXECUTE|[24]
14:31:39.11 (315454811)|HEAP_ALLOCATE|[24]|Bytes:28
14:31:39.11 (315471097)|VARIABLE_ASSIGNMENT|[24]|this.Current_Inventory__c|194|0x3fcba908
14:31:39.11 (315476690)|STATEMENT_EXECUTE|[25]
14:31:39.11 (315487093)|HEAP_ALLOCATE|[25]|Bytes:28
14:31:39.11 (315490695)|HEAP_ALLOCATE|[25]|Bytes:28
14:31:39.11 (315506092)|VARIABLE_ASSIGNMENT|[25]|this.Maintenance_Cycle__c|0|0x3fcba908
14:31:39.11 (315511807)|STATEMENT_EXECUTE|[26]
14:31:39.11 (315531499)|VARIABLE_ASSIGNMENT|[26]|this.Replacement_Part__c|true|0x3fcba908
14:31:39.11 (315537044)|STATEMENT_EXECUTE|[27]
14:31:39.11 (315547067)|HEAP_ALLOCATE|[27]|Bytes:28
14:31:39.11 (315551308)|HEAP_ALLOCATE|[27]|Bytes:28
14:31:39.11 (315566619)|VARIABLE_ASSIGNMENT|[27]|this.Lifespan_Months__c|0|0x3fcba908
14:31:39.11 (315571924)|STATEMENT_EXECUTE|[28]
14:31:39.11 (315590767)|VARIABLE_ASSIGNMENT|[28]|this.Warehouse_SKU__c|"100002"|0x3fcba908
14:31:39.11 (315595909)|STATEMENT_EXECUTE|[29]
14:31:39.11 (315616382)|VARIABLE_ASSIGNMENT|[29]|this.ProductCode|"55d66226726b611100aa (4 more) ..."|0x3fcba908
14:31:39.11 (315622426)|STATEMENT_EXECUTE|[30]
14:31:39.11 (315627828)|HEAP_ALLOCATE|[EXTERNAL]|Bytes:4
14:31:39.11 (315638568)|HEAP_ALLOCATE|[19]|Bytes:5
14:31:39.11 (315651562)|VARIABLE_ASSIGNMENT|[19]|o|null
14:31:39.11 (315676562)|STATEMENT_EXECUTE|[32]
14:31:39.11 (315678810)|STATEMENT_EXECUTE|[33]
14:31:39.11 (316472159)|USER_DEBUG|[33]|DEBUG|(Product2:{Name=Generator 1000 kW, Cost__c=5000, Current_Inventory__c=5, Maintenance_Cycle__c=365, Replacement_Part__c=false, Lifespan_Months__c=120, Warehouse_SKU__c=100003, ProductCode=55d66226726b611100aaf741}, Product2:{Name=Cooling Fan, Cost__c=300, Current_Inventory__c=183, Maintenance_Cycle__c=0, Replacement_Part__c=true, Lifespan_Months__c=0, Warehouse_SKU__c=100004, ProductCode=55d66226726b611100aaf742}, Product2:{Name=Fuse 20A, Cost__c=22, Current_Inventory__c=143, Maintenance_Cycle__c=0, Replacement_Part__c=true, Lifespan_Months__c=0, Warehouse_SKU__c=100005, ProductCode=55d66226726b611100aaf743}, Product2:{Name=Generator 2000 kw, Cost__c=6000, Current_Inventory__c=5, Maintenance_Cycle__c=365, Replacement_Part__c=false, Lifespan_Months__c=120, Warehouse_SKU__c=100006, ProductCode=55d66226726b611100aaf744}, Product2:{Name=Fuse 25A, Cost__c=28, Current_Inventory__c=142, Maintenance_Cycle__c=0, Replacement_Part__c=true, Lifespan_Months__c=0, Warehouse_SKU__c=100007, ProductCode=55d66226726b611100aaf745}, Product2:{Name=Fuse 13A, Cost__c=10, Current_Inventory__c=122, Maintenance_Cycle__c=0, Replacement_Part__c=true, Lifespan_Months__c=0, Warehouse_SKU__c=100008, ProductCode=55d66226726b611100aaf746}, Product2:{Name=Ball Valve 10 cm, Cost__c=50, Current_Inventory__c=90, Maintenance_Cycle__c=0, Replacement_Part__c=true, Lifespan_Months__c=0, Warehouse_SKU__c=100009, ProductCode=55d66226726b611100aaf747}, Product2:{Name=Converter, Cost__c=3000, Current_Inventory__c=2, Maintenance_Cycle__c=180, Replacement_Part__c=false, Lifespan_Months__c=120, Warehouse_SKU__c=100010, ProductCode=55d66226726b611100aaf748}, Product2:{Name=Ball Valve 8 cm, Cost__c=42, Current_Inventory__c=75, Maintenance_Cycle__c=0, Replacement_Part__c=true, Lifespan_Months__c=0, Warehouse_SKU__c=100011, ProductCode=55d66226726b611100aaf749}, Product2:{Name=Breaker 25A, Cost__c=30, Current_Inventory__c=100, Maintenance_Cycle__c=0, Replacement_Part__c=true, Lifespan_Months__c=0, Warehouse_SKU__c=100012, ProductCode=55d66226726b611100aaf74a}, ...)
14:31:39.11 (316539938)|STATEMENT_EXECUTE|[34]
14:31:39.11 (316583738)|DML_BEGIN|[34]|Op:Upsert|Type:Product2|Rows:22
14:31:39.11 (316621452)|HEAP_ALLOCATE|[EXTERNAL]|Bytes:92
14:31:39.11 (375076136)|DML_END|[34]
14:31:39.11 (375187954)|HEAP_ALLOCATE|[EXTERNAL]|Bytes:92
14:31:39.11 (375221789)|SYSTEM_MODE_EXIT|false
14:31:39.375 (375243977)|CUMULATIVE_LIMIT_USAGE
14:31:39.375 (375243977)|LIMIT_USAGE_FOR_NS|(default)|
  Number of SOQL queries: 0 out of 200
  Number of query rows: 0 out of 50000
  Number of SOSL queries: 0 out of 20
  Number of DML statements: 1 out of 150
  Number of DML rows: 22 out of 10000
  Maximum CPU time: 0 out of 60000
  Maximum heap size: 0 out of 12000000
  Number of callouts: 1 out of 100
  Number of Email Invocations: 0 out of 10
  Number of future calls: 0 out of 50
  Number of queueable jobs added to the queue: 0 out of 1
  Number of Mobile Apex push calls: 0 out of 10

14:31:39.375 (375243977)|CUMULATIVE_LIMIT_USAGE_END

14:31:39.11 (375281726)|CODE_UNIT_FINISHED|WarehouseCalloutService.runWarehouseEquipmentSync
14:31:39.11 (376506180)|EXECUTION_FINISHED
