36.0 APEX_CODE,FINEST;APEX_PROFILING,INFO;CALLOUT,INFO;DB,INFO;SYSTEM,DEBUG;VALIDATION,INFO;VISUALFORCE,INFO;WAVE,INFO;WORKFLOW,INFO
14:26:51.0 (324203)|USER_INFO|[EXTERNAL]|005f4000001pRJZ|danilofp13@curious-moose-219315.com|Hora de Argentina|GMT-03:00
14:26:51.0 (359118)|EXECUTION_STARTED
14:26:51.0 (363200)|CODE_UNIT_STARTED|[EXTERNAL]|FutureHandler - state load
14:26:51.0 (1326067)|CODE_UNIT_FINISHED|FutureHandler - state load
14:26:51.0 (2381024)|EXECUTION_FINISHED
14:26:51.20 (20703950)|USER_INFO|[EXTERNAL]|005f4000001pRJZ|danilofp13@curious-moose-219315.com|Hora de Argentina|GMT-03:00
14:26:51.20 (20725336)|EXECUTION_STARTED
14:26:51.20 (20729633)|CODE_UNIT_STARTED|[EXTERNAL]|01pf400000Gbx3a|WarehouseCalloutService.runWarehouseEquipmentSync
14:26:51.20 (21870211)|VARIABLE_SCOPE_BEGIN|[3]|WarehouseCalloutService.WAREHOUSE_URL|String|false|true
14:26:51.20 (22008144)|HEAP_ALLOCATE|[72]|Bytes:3
14:26:51.20 (22062534)|HEAP_ALLOCATE|[77]|Bytes:152
14:26:51.20 (22076003)|HEAP_ALLOCATE|[342]|Bytes:408
14:26:51.20 (22088403)|HEAP_ALLOCATE|[355]|Bytes:408
14:26:51.20 (22099213)|HEAP_ALLOCATE|[467]|Bytes:48
14:26:51.20 (22124238)|HEAP_ALLOCATE|[139]|Bytes:6
14:26:51.20 (22139662)|HEAP_ALLOCATE|[EXTERNAL]|Bytes:1
14:26:51.20 (22156840)|HEAP_ALLOCATE|[EXTERNAL]|Bytes:2
14:26:51.20 (22160739)|HEAP_ALLOCATE|[EXTERNAL]|Bytes:50
14:26:51.20 (22191822)|VARIABLE_ASSIGNMENT|[EXTERNAL]|WarehouseCalloutService.WAREHOUSE_URL|"https://th-superbadg (30 more) ..."
14:26:51.20 (22217348)|METHOD_ENTRY|[1]|01pf400000Gbx3a|WarehouseCalloutService.WarehouseCalloutService()
14:26:51.20 (22224782)|STATEMENT_EXECUTE|[1]
14:26:51.20 (22229173)|STATEMENT_EXECUTE|[1]
14:26:51.20 (22255508)|HEAP_ALLOCATE|[50]|Bytes:5
14:26:51.20 (22272750)|HEAP_ALLOCATE|[56]|Bytes:5
14:26:51.20 (22279920)|HEAP_ALLOCATE|[64]|Bytes:7
14:26:51.20 (22680060)|SYSTEM_MODE_ENTER|false
14:26:51.20 (22694711)|HEAP_ALLOCATE|[EXTERNAL]|Bytes:5
14:26:51.20 (22702082)|SYSTEM_MODE_EXIT|false
14:26:51.20 (22725208)|METHOD_EXIT|[1]|WarehouseCalloutService
14:26:51.20 (22740896)|SYSTEM_MODE_ENTER|false
14:26:51.20 (22746953)|HEAP_ALLOCATE|[9]|Bytes:5
14:26:51.20 (22751735)|STATEMENT_EXECUTE|[8]
14:26:51.20 (22753607)|STATEMENT_EXECUTE|[9]
14:26:51.20 (22772322)|VARIABLE_SCOPE_BEGIN|[9]|http|System.Http|true|false
14:26:51.20 (22904333)|VARIABLE_ASSIGNMENT|[9]|http|"System.Http[]"|0x117116e4
14:26:51.20 (22912357)|STATEMENT_EXECUTE|[10]
14:26:51.20 (22924849)|VARIABLE_SCOPE_BEGIN|[10]|request|System.HttpRequest|true|false
14:26:51.20 (22957517)|VARIABLE_ASSIGNMENT|[10]|request|"System.HttpRequest[Endpoint=null, Method=null]"|0x36e681d5
14:26:51.20 (22964430)|STATEMENT_EXECUTE|[11]
14:26:51.20 (23011863)|STATEMENT_EXECUTE|[12]
14:26:51.20 (23016544)|HEAP_ALLOCATE|[12]|Bytes:3
14:26:51.20 (23034694)|STATEMENT_EXECUTE|[13]
14:26:51.20 (23068984)|CALLOUT_REQUEST|[13]|System.HttpRequest[Endpoint=https://th-superbadge-apex.herokuapp.com/equipment, Method=GET]
14:26:51.20 (23913451)|EXCEPTION_THROWN|[13]|System.CalloutException: Unauthorized endpoint, please check Setup->Security->Remote site settings. endpoint = https://th-superbadge-apex.herokuapp.com/equipment
14:26:51.20 (23980386)|HEAP_ALLOCATE|[13]|Bytes:140
14:26:51.20 (23997088)|SYSTEM_MODE_EXIT|false
14:26:51.20 (24033037)|FATAL_ERROR|System.CalloutException: Unauthorized endpoint, please check Setup->Security->Remote site settings. endpoint = https://th-superbadge-apex.herokuapp.com/equipment

Class.WarehouseCalloutService.runWarehouseEquipmentSync: line 13, column 1
14:26:51.20 (24042828)|FATAL_ERROR|System.CalloutException: Unauthorized endpoint, please check Setup->Security->Remote site settings. endpoint = https://th-superbadge-apex.herokuapp.com/equipment

Class.WarehouseCalloutService.runWarehouseEquipmentSync: line 13, column 1
14:26:51.24 (24049677)|CUMULATIVE_LIMIT_USAGE
14:26:51.24 (24049677)|LIMIT_USAGE_FOR_NS|(default)|
  Number of SOQL queries: 0 out of 200
  Number of query rows: 0 out of 50000
  Number of SOSL queries: 0 out of 20
  Number of DML statements: 0 out of 150
  Number of DML rows: 0 out of 10000
  Maximum CPU time: 0 out of 60000
  Maximum heap size: 0 out of 12000000
  Number of callouts: 1 out of 100
  Number of Email Invocations: 0 out of 10
  Number of future calls: 0 out of 50
  Number of queueable jobs added to the queue: 0 out of 1
  Number of Mobile Apex push calls: 0 out of 10

14:26:51.24 (24049677)|CUMULATIVE_LIMIT_USAGE_END

14:26:51.20 (24078028)|CODE_UNIT_FINISHED|WarehouseCalloutService.runWarehouseEquipmentSync
14:26:51.20 (25270002)|EXECUTION_FINISHED
