42.0 APEX_CODE,FINEST;APEX_PROFILING,INFO;CALLOUT,INFO;DB,INFO;SYSTEM,DEBUG;VALIDATION,INFO;VISUALFORCE,INFO;WAVE,INFO;WORKFLOW,INFO
14:43:21.0 (370958)|USER_INFO|[EXTERNAL]|005f4000001pRJZ|danilofp13@curious-moose-219315.com|Hora de Argentina|GMT-03:00
14:43:21.0 (510751)|EXECUTION_STARTED
14:43:21.0 (515456)|CODE_UNIT_STARTED|[EXTERNAL]|01pf400000Gbx3d|WareSchedule
14:43:21.0 (935178)|HEAP_ALLOCATE|[72]|Bytes:3
14:43:21.0 (999342)|HEAP_ALLOCATE|[77]|Bytes:152
14:43:21.0 (1020598)|HEAP_ALLOCATE|[342]|Bytes:408
14:43:21.0 (1034118)|HEAP_ALLOCATE|[355]|Bytes:408
14:43:21.0 (1045727)|HEAP_ALLOCATE|[467]|Bytes:48
14:43:21.0 (1118116)|HEAP_ALLOCATE|[139]|Bytes:6
14:43:21.0 (1138839)|HEAP_ALLOCATE|[EXTERNAL]|Bytes:1
14:43:21.0 (1183044)|METHOD_ENTRY|[1]|01pf400000Gbx3d|WarehouseSyncSchedule.WarehouseSyncSchedule()
14:43:21.0 (1206419)|STATEMENT_EXECUTE|[1]
14:43:21.0 (1212097)|STATEMENT_EXECUTE|[1]
14:43:21.0 (1230204)|METHOD_EXIT|[1]|WarehouseSyncSchedule
14:43:21.0 (1249409)|HEAP_ALLOCATE|[EXTERNAL]|Bytes:4
14:43:21.0 (1269267)|VARIABLE_SCOPE_BEGIN|[1]|this|WarehouseSyncSchedule|true|false
14:43:21.0 (1405598)|VARIABLE_ASSIGNMENT|[1]|this|{}|0xf4424cb
14:43:21.0 (1423051)|HEAP_ALLOCATE|[EXTERNAL]|Bytes:6
14:43:21.0 (1477970)|STATEMENT_EXECUTE|[1]
14:43:21.0 (26470000)|CODE_UNIT_FINISHED|WareSchedule
14:43:21.0 (27259691)|EXECUTION_FINISHED
